Using pre-set license
Built from '2022.3/staging' branch; Version is '2022.3.8f1 (b5eafc012955) revision 11922172'; Using compiler version '192829333'; Build Type 'Release'
OS: 'Windows 11  (10.0.22621) 64bit Professional' Language: 'ja' Physical Memory: 65277 MB
BatchMode: 1, IsHumanControllingUs: 0, StartBugReporterOnCrash: 0, Is64bit: 1, IsPro: 1

COMMAND LINE ARGUMENTS:
D:\Program Files\Unity\Hub\Editor\2022.3.8f1\Editor\Unity.exe
-adb2
-batchMode
-noUpm
-name
AssetImportWorker5
-projectPath
A:/Unity Projects/2D-RPG
-logFile
Logs/AssetImportWorker5.log
-srvPort
52281
Successfully changed project path to: A:/Unity Projects/2D-RPG
A:/Unity Projects/2D-RPG
[UnityMemory] Configuration Parameters - Can be set up in boot.config
    "memorysetup-bucket-allocator-granularity=16"
    "memorysetup-bucket-allocator-bucket-count=8"
    "memorysetup-bucket-allocator-block-size=33554432"
    "memorysetup-bucket-allocator-block-count=8"
    "memorysetup-main-allocator-block-size=16777216"
    "memorysetup-thread-allocator-block-size=16777216"
    "memorysetup-gfx-main-allocator-block-size=16777216"
    "memorysetup-gfx-thread-allocator-block-size=16777216"
    "memorysetup-cache-allocator-block-size=4194304"
    "memorysetup-typetree-allocator-block-size=2097152"
    "memorysetup-profiler-bucket-allocator-granularity=16"
    "memorysetup-profiler-bucket-allocator-bucket-count=8"
    "memorysetup-profiler-bucket-allocator-block-size=33554432"
    "memorysetup-profiler-bucket-allocator-block-count=8"
    "memorysetup-profiler-allocator-block-size=16777216"
    "memorysetup-profiler-editor-allocator-block-size=1048576"
    "memorysetup-temp-allocator-size-main=16777216"
    "memorysetup-job-temp-allocator-block-size=2097152"
    "memorysetup-job-temp-allocator-block-size-background=1048576"
    "memorysetup-job-temp-allocator-reduction-small-platforms=262144"
    "memorysetup-allocator-temp-initial-block-size-main=262144"
    "memorysetup-allocator-temp-initial-block-size-worker=262144"
    "memorysetup-temp-allocator-size-background-worker=32768"
    "memorysetup-temp-allocator-size-job-worker=262144"
    "memorysetup-temp-allocator-size-preload-manager=33554432"
    "memorysetup-temp-allocator-size-nav-mesh-worker=65536"
    "memorysetup-temp-allocator-size-audio-worker=65536"
    "memorysetup-temp-allocator-size-cloud-worker=32768"
    "memorysetup-temp-allocator-size-gi-baking-worker=262144"
    "memorysetup-temp-allocator-size-gfx=262144"
Player connection [19672] Host "[IP] 192.168.11.2 [Port] 0 [Flags] 2 [Guid] 778499797 [EditorId] 778499797 [Version] 1048832 [Id] WindowsEditor(7,Muracchi) [Debug] 1 [PackageName] WindowsEditor [ProjectName] Editor" joined multi-casting on [225.0.0.222:54997]...

Player connection [19672] Host "[IP] 192.168.11.2 [Port] 0 [Flags] 2 [Guid] 778499797 [EditorId] 778499797 [Version] 1048832 [Id] WindowsEditor(7,Muracchi) [Debug] 1 [PackageName] WindowsEditor [ProjectName] Editor" joined alternative multi-casting on [225.0.0.222:34997]...

[Physics::Module] Initialized MultithreadedJobDispatcher with 23 workers.
Refreshing native plugins compatible for Editor in 4.62 ms, found 4 plugins.
Preloading 0 native plugins for Editor in 0.00 ms.
Initialize engine version: 2022.3.8f1 (b5eafc012955)
[Subsystems] Discovering subsystems at path D:/Program Files/Unity/Hub/Editor/2022.3.8f1/Editor/Data/Resources/UnitySubsystems
[Subsystems] Discovering subsystems at path A:/Unity Projects/2D-RPG/Assets
GfxDevice: creating device client; threaded=0; jobified=0
Direct3D:
    Version:  Direct3D 11.0 [level 11.1]
    Renderer: NVIDIA GeForce RTX 3090 (ID=0x2204)
    Vendor:   NVIDIA
    VRAM:     24348 MB
    Driver:   30.0.14.7141
Initialize mono
Mono path[0] = 'D:/Program Files/Unity/Hub/Editor/2022.3.8f1/Editor/Data/Managed'
Mono path[1] = 'D:/Program Files/Unity/Hub/Editor/2022.3.8f1/Editor/Data/MonoBleedingEdge/lib/mono/unityjit-win32'
Mono config path = 'D:/Program Files/Unity/Hub/Editor/2022.3.8f1/Editor/Data/MonoBleedingEdge/etc'
Using monoOptions --debugger-agent=transport=dt_socket,embedding=1,server=y,suspend=n,address=127.0.0.1:56168
Begin MonoManager ReloadAssembly
Registering precompiled unity dll's ...
Register platform support module: D:/Program Files/Unity/Hub/Editor/2022.3.8f1/Editor/Data/PlaybackEngines/AndroidPlayer/UnityEditor.Android.Extensions.dll
Register platform support module: D:/Program Files/Unity/Hub/Editor/2022.3.8f1/Editor/Data/PlaybackEngines/iOSSupport/UnityEditor.iOS.Extensions.dll
Register platform support module: D:/Program Files/Unity/Hub/Editor/2022.3.8f1/Editor/Data/PlaybackEngines/WindowsStandaloneSupport/UnityEditor.WindowsStandalone.Extensions.dll
Registered in 0.013874 seconds.
- Loaded All Assemblies, in  0.316 seconds
Native extension for WindowsStandalone target not found
[usbmuxd] Start listen thread
[usbmuxd] Listen thread started
[usbmuxd] Send listen message
Native extension for iOS target not found
Native extension for Android target not found
Android Extension - Scanning For ADB Devices 281 ms
Mono: successfully reloaded assembly
- Finished resetting the current domain, in  0.486 seconds
Domain Reload Profiling: 798ms
	BeginReloadAssembly (137ms)
		ExecutionOrderSort (0ms)
		DisableScriptedObjects (0ms)
		BackupInstance (0ms)
		ReleaseScriptingObjects (0ms)
		CreateAndSetChildDomain (0ms)
	RebuildCommonClasses (22ms)
	RebuildNativeTypeToScriptingClass (6ms)
	initialDomainReloadingComplete (57ms)
	LoadAllAssembliesAndSetupDomain (91ms)
		LoadAssemblies (129ms)
		RebuildTransferFunctionScriptingTraits (0ms)
		AnalyzeDomain (89ms)
			TypeCache.Refresh (88ms)
				TypeCache.ScanAssembly (80ms)
			ScanForSourceGeneratedMonoScriptInfo (0ms)
			ResolveRequiredComponents (0ms)
	FinalizeReload (486ms)
		ReleaseScriptCaches (0ms)
		RebuildScriptCaches (0ms)
		SetupLoadedEditorAssemblies (450ms)
			LogAssemblyErrors (0ms)
			InitializePlatformSupportModulesInManaged (362ms)
			SetLoadedEditorAssemblies (3ms)
			RefreshPlugins (0ms)
			BeforeProcessingInitializeOnLoad (1ms)
			ProcessInitializeOnLoadAttributes (58ms)
			ProcessInitializeOnLoadMethodAttributes (26ms)
			AfterProcessingInitializeOnLoad (0ms)
			EditorAssembliesLoaded (0ms)
		ExecutionOrderSort2 (0ms)
		AwakeInstancesAfterBackupRestoration (0ms)
========================================================================
Worker process is ready to serve import requests
Begin MonoManager ReloadAssembly
- Loaded All Assemblies, in  0.424 seconds
Refreshing native plugins compatible for Editor in 1.25 ms, found 4 plugins.
Native extension for WindowsStandalone target not found
Native extension for iOS target not found
Native extension for Android target not found
Package Manager log level set to [2]
[Package Manager] Server::EnsureServerProcessIsRunning -- launch failed, reason: Unity was launched with the -noUpm command-line argument
[Package Manager] UpmClient::Send -- Unable to send message (not connected to UPM process).
[Package Manager] Cannot connect to Unity Package Manager local server
Mono: successfully reloaded assembly
- Finished resetting the current domain, in  0.556 seconds
Domain Reload Profiling: 978ms
	BeginReloadAssembly (99ms)
		ExecutionOrderSort (0ms)
		DisableScriptedObjects (3ms)
		BackupInstance (0ms)
		ReleaseScriptingObjects (0ms)
		CreateAndSetChildDomain (16ms)
	RebuildCommonClasses (20ms)
	RebuildNativeTypeToScriptingClass (6ms)
	initialDomainReloadingComplete (26ms)
	LoadAllAssembliesAndSetupDomain (271ms)
		LoadAssemblies (221ms)
		RebuildTransferFunctionScriptingTraits (0ms)
		AnalyzeDomain (110ms)
			TypeCache.Refresh (94ms)
				TypeCache.ScanAssembly (82ms)
			ScanForSourceGeneratedMonoScriptInfo (13ms)
			ResolveRequiredComponents (2ms)
	FinalizeReload (557ms)
		ReleaseScriptCaches (0ms)
		RebuildScriptCaches (0ms)
		SetupLoadedEditorAssemblies (455ms)
			LogAssemblyErrors (0ms)
			InitializePlatformSupportModulesInManaged (27ms)
			SetLoadedEditorAssemblies (4ms)
			RefreshPlugins (0ms)
			BeforeProcessingInitializeOnLoad (69ms)
			ProcessInitializeOnLoadAttributes (326ms)
			ProcessInitializeOnLoadMethodAttributes (22ms)
			AfterProcessingInitializeOnLoad (6ms)
			EditorAssembliesLoaded (0ms)
		ExecutionOrderSort2 (0ms)
		AwakeInstancesAfterBackupRestoration (4ms)
Launched and connected shader compiler UnityShaderCompiler.exe after 0.03 seconds
Refreshing native plugins compatible for Editor in 1.25 ms, found 4 plugins.
Preloading 0 native plugins for Editor in 0.00 ms.
Unloading 4011 Unused Serialized files (Serialized files now loaded: 0)
Unloading 69 unused Assets / (244.7 KB). Loaded Objects now: 4470.
Memory consumption went from 143.0 MB to 142.8 MB.
Total: 2.835200 ms (FindLiveObjects: 0.196300 ms CreateObjectMapping: 0.100700 ms MarkObjects: 2.388500 ms  DeleteObjects: 0.148700 ms)

AssetImportParameters requested are different than current active one (requested -> active):
  custom:container-demuxer-ogg: 62fdf1f143b41e24485cea50d1cbac27 -> 
  custom:video-codec-MediaFoundation-h265: 746d11721c4dcdbdad8f713fa42b33f4 -> 
  custom:video-decoder-ogg-theora: a1e56fd34408186e4bbccfd4996cb3dc -> 
  custom:framework-win-MediaFoundation: 216162199b28c13a410421893ffa2e32 -> 
  custom:CustomObjectIndexerAttribute: 756ad292c208cfabdd7b50bc23989ffe -> 
  custom:container-demuxer-webm: 4f35f7cbe854078d1ac9338744f61a02 -> 
  custom:container-muxer-webm: aa71ff27fc2769a1b78a27578f13a17b -> 
  custom:video-decoder-webm-vp8: 9c59270c3fd7afecdb556c50c9e8de78 -> 
  custom:SearchIndexIgnoredProperties: e643bd26f0fe6173181afceb89e7c659 -> 
  custom:AudioImporter_EditorPlatform: d09bf68614088b80899f8185d706f6e7 -> 
  custom:video-encoder-webm-vp8: eb34c28f22e8b96e1ab97ce403110664 -> 
  custom:audio-decoder-ogg-vorbis: bf7c407c2cedff20999df2af8eb42d56 -> 
  custom:audio-encoder-webm-vorbis: bf7c407c2cedff20999df2af8eb42d56 -> 
========================================================================
Received Import Request.
  Time since last request: 3003.331914 seconds.
  path: Assets/Images/ã‚­ãƒ£ãƒ©ãƒãƒƒãƒ—/pipo-charachip018e.png
  artifactKey: Guid(4198c446ce1be3f4895b772cf1f1b40e) Importer(815301076,1909f56bfc062723c751e8b465ee728b)
Start importing Assets/Images/ã‚­ãƒ£ãƒ©ãƒãƒƒãƒ—/pipo-charachip018e.png using Guid(4198c446ce1be3f4895b772cf1f1b40e) Importer(815301076,1909f56bfc062723c751e8b465ee728b)  -> (artifact id: '08a73be86cc42ca0ea759fe3ae3c6b93') in 0.070153 seconds
Number of updated asset objects reloaded before import = 0
Number of asset objects unloaded after import = 3
========================================================================
Received Import Request.
  Time since last request: 0.000018 seconds.
  path: Assets/Images/ã‚­ãƒ£ãƒ©ãƒãƒƒãƒ—/pipo-charachip018g.png
  artifactKey: Guid(9603f3f84dd92bd42af6b3919cb8d119) Importer(815301076,1909f56bfc062723c751e8b465ee728b)
Start importing Assets/Images/ã‚­ãƒ£ãƒ©ãƒãƒƒãƒ—/pipo-charachip018g.png using Guid(9603f3f84dd92bd42af6b3919cb8d119) Importer(815301076,1909f56bfc062723c751e8b465ee728b)  -> (artifact id: 'a5a803f7d7a0d1893a47979519923a5e') in 0.017018 seconds
Number of updated asset objects reloaded before import = 0
Number of asset objects unloaded after import = 3
========================================================================
Received Import Request.
  Time since last request: 0.000142 seconds.
  path: Assets/Images/ã‚­ãƒ£ãƒ©ãƒãƒƒãƒ—/pipo-charachip022d.png
  artifactKey: Guid(f0151e5803dde07489caee791ca255e9) Importer(815301076,1909f56bfc062723c751e8b465ee728b)
Start importing Assets/Images/ã‚­ãƒ£ãƒ©ãƒãƒƒãƒ—/pipo-charachip022d.png using Guid(f0151e5803dde07489caee791ca255e9) Importer(815301076,1909f56bfc062723c751e8b465ee728b)  -> (artifact id: 'f0a4e92aebbf28dc13973964fb06802f') in 0.022523 seconds
Number of updated asset objects reloaded before import = 0
Number of asset objects unloaded after import = 3
========================================================================
Received Import Request.
  Time since last request: 0.000014 seconds.
  path: Assets/Images/ã‚­ãƒ£ãƒ©ãƒãƒƒãƒ—/pipo-charachip021.png
  artifactKey: Guid(0ba6e19ad6c9a9f4ca7b652c8077918a) Importer(815301076,1909f56bfc062723c751e8b465ee728b)
Start importing Assets/Images/ã‚­ãƒ£ãƒ©ãƒãƒƒãƒ—/pipo-charachip021.png using Guid(0ba6e19ad6c9a9f4ca7b652c8077918a) Importer(815301076,1909f56bfc062723c751e8b465ee728b)  -> (artifact id: '94566685d4083f48e109e8d94d9ca6c0') in 0.016654 seconds
Number of updated asset objects reloaded before import = 0
Number of asset objects unloaded after import = 3
========================================================================
Received Import Request.
  Time since last request: 0.000061 seconds.
  path: Assets/Images/ã‚­ãƒ£ãƒ©ãƒãƒƒãƒ—/pipo-charachip019d.png
  artifactKey: Guid(f36f0b86b6bd7764198a0445994537bd) Importer(815301076,1909f56bfc062723c751e8b465ee728b)
Start importing Assets/Images/ã‚­ãƒ£ãƒ©ãƒãƒƒãƒ—/pipo-charachip019d.png using Guid(f36f0b86b6bd7764198a0445994537bd) Importer(815301076,1909f56bfc062723c751e8b465ee728b)  -> (artifact id: 'a791d71373998d55d82eea2dd7908b0d') in 0.022753 seconds
Number of updated asset objects reloaded before import = 0
Number of asset objects unloaded after import = 3
========================================================================
Received Import Request.
  Time since last request: 0.000021 seconds.
  path: Assets/Images/ã‚­ãƒ£ãƒ©ãƒãƒƒãƒ—/pipo-charachip023d.png
  artifactKey: Guid(e0a5d46d58dc23743a936a8a5d720309) Importer(815301076,1909f56bfc062723c751e8b465ee728b)
Start importing Assets/Images/ã‚­ãƒ£ãƒ©ãƒãƒƒãƒ—/pipo-charachip023d.png using Guid(e0a5d46d58dc23743a936a8a5d720309) Importer(815301076,1909f56bfc062723c751e8b465ee728b)  -> (artifact id: 'b3bf0f244716e6e6ce79d10aebe01eef') in 0.017715 seconds
Number of updated asset objects reloaded before import = 0
Number of asset objects unloaded after import = 3
========================================================================
Received Import Request.
  Time since last request: 0.000035 seconds.
  path: Assets/Images/ã‚­ãƒ£ãƒ©ãƒãƒƒãƒ—/pipo-charachip021c.png
  artifactKey: Guid(5a6b063d1ccbccb498b1abd282f09246) Importer(815301076,1909f56bfc062723c751e8b465ee728b)
Start importing Assets/Images/ã‚­ãƒ£ãƒ©ãƒãƒƒãƒ—/pipo-charachip021c.png using Guid(5a6b063d1ccbccb498b1abd282f09246) Importer(815301076,1909f56bfc062723c751e8b465ee728b)  -> (artifact id: '674374dc78a93b9ef752e3bae1b54fbd') in 0.016090 seconds
Number of updated asset objects reloaded before import = 0
Number of asset objects unloaded after import = 3
========================================================================
Received Import Request.
  Time since last request: 0.000015 seconds.
  path: Assets/Images/ã‚­ãƒ£ãƒ©ãƒãƒƒãƒ—/pipo-charachip018f.png
  artifactKey: Guid(dfd3ceb9dd3d575448850f09fc94398b) Importer(815301076,1909f56bfc062723c751e8b465ee728b)
Start importing Assets/Images/ã‚­ãƒ£ãƒ©ãƒãƒƒãƒ—/pipo-charachip018f.png using Guid(dfd3ceb9dd3d575448850f09fc94398b) Importer(815301076,1909f56bfc062723c751e8b465ee728b)  -> (artifact id: '1ac8021fb45486ed6618d4c5f3fbcaa0') in 0.030728 seconds
Number of updated asset objects reloaded before import = 0
Number of asset objects unloaded after import = 3
========================================================================
Received Import Request.
  Time since last request: 0.000025 seconds.
  path: Assets/Images/ã‚­ãƒ£ãƒ©ãƒãƒƒãƒ—/pipo-charachip021e.png
  artifactKey: Guid(8ed6f25204d323b4f9dc03f6cc314070) Importer(815301076,1909f56bfc062723c751e8b465ee728b)
Start importing Assets/Images/ã‚­ãƒ£ãƒ©ãƒãƒƒãƒ—/pipo-charachip021e.png using Guid(8ed6f25204d323b4f9dc03f6cc314070) Importer(815301076,1909f56bfc062723c751e8b465ee728b)  -> (artifact id: 'fb12341d01e68fb72468ad1e7dcdc8e3') in 0.021616 seconds
Number of updated asset objects reloaded before import = 0
Number of asset objects unloaded after import = 3
========================================================================
Received Import Request.
  Time since last request: 0.000015 seconds.
  path: Assets/Images/ã‚­ãƒ£ãƒ©ãƒãƒƒãƒ—/pipo-charachip023a.png
  artifactKey: Guid(dfe8279b30a56f14180182d98655e4ca) Importer(815301076,1909f56bfc062723c751e8b465ee728b)
Start importing Assets/Images/ã‚­ãƒ£ãƒ©ãƒãƒƒãƒ—/pipo-charachip023a.png using Guid(dfe8279b30a56f14180182d98655e4ca) Importer(815301076,1909f56bfc062723c751e8b465ee728b)  -> (artifact id: '5956abd83310c528308bb2037ff4fba7') in 0.026364 seconds
Number of updated asset objects reloaded before import = 0
Number of asset objects unloaded after import = 3
========================================================================
Received Import Request.
  Time since last request: 0.000010 seconds.
  path: Assets/Images/ã‚­ãƒ£ãƒ©ãƒãƒƒãƒ—/pipo-charachip025e.png
  artifactKey: Guid(2547980fa8b10434296e49dbde5f373e) Importer(815301076,1909f56bfc062723c751e8b465ee728b)
Start importing Assets/Images/ã‚­ãƒ£ãƒ©ãƒãƒƒãƒ—/pipo-charachip025e.png using Guid(2547980fa8b10434296e49dbde5f373e) Importer(815301076,1909f56bfc062723c751e8b465ee728b)  -> (artifact id: 'f2dc513bfde370e6a1e24d0ed0d26c09') in 0.012730 seconds
Number of updated asset objects reloaded before import = 0
Number of asset objects unloaded after import = 3
========================================================================
Received Import Request.
  Time since last request: 0.000011 seconds.
  path: Assets/Images/ã‚­ãƒ£ãƒ©ãƒãƒƒãƒ—/pipo-charachip024e.png
  artifactKey: Guid(5cc1e62b7e12d9a4889946932eed1998) Importer(815301076,1909f56bfc062723c751e8b465ee728b)
Start importing Assets/Images/ã‚­ãƒ£ãƒ©ãƒãƒƒãƒ—/pipo-charachip024e.png using Guid(5cc1e62b7e12d9a4889946932eed1998) Importer(815301076,1909f56bfc062723c751e8b465ee728b)  -> (artifact id: '9100d673ec3bb22cc580f128b3d244f7') in 0.022742 seconds
Number of updated asset objects reloaded before import = 0
Number of asset objects unloaded after import = 3
========================================================================
Received Import Request.
  Time since last request: 0.000013 seconds.
  path: Assets/Images/ã‚­ãƒ£ãƒ©ãƒãƒƒãƒ—/pipo-charachip024.png
  artifactKey: Guid(0eed53124ee5cc041aaa43e36331c7e7) Importer(815301076,1909f56bfc062723c751e8b465ee728b)
Start importing Assets/Images/ã‚­ãƒ£ãƒ©ãƒãƒƒãƒ—/pipo-charachip024.png using Guid(0eed53124ee5cc041aaa43e36331c7e7) Importer(815301076,1909f56bfc062723c751e8b465ee728b)  -> (artifact id: 'b2b03bf27b1ccdebde4d11ad96f96fec') in 0.014993 seconds
Number of updated asset objects reloaded before import = 0
Number of asset objects unloaded after import = 3
========================================================================
Received Import Request.
  Time since last request: 0.000071 seconds.
  path: Assets/Images/ã‚­ãƒ£ãƒ©ãƒãƒƒãƒ—/pipo-charachip025.png
  artifactKey: Guid(8c145cd07d327cc47a0941ae6c35e032) Importer(815301076,1909f56bfc062723c751e8b465ee728b)
Start importing Assets/Images/ã‚­ãƒ£ãƒ©ãƒãƒƒãƒ—/pipo-charachip025.png using Guid(8c145cd07d327cc47a0941ae6c35e032) Importer(815301076,1909f56bfc062723c751e8b465ee728b)  -> (artifact id: 'd487cb4b90b88200e452a88c9b329a99') in 0.016396 seconds
Number of updated asset objects reloaded before import = 0
Number of asset objects unloaded after import = 3
========================================================================
Received Import Request.
  Time since last request: 0.000020 seconds.
  path: Assets/Images/ã‚­ãƒ£ãƒ©ãƒãƒƒãƒ—/pipo-charachip023e.png
  artifactKey: Guid(b70ed3bdb798ee54da495244853d7eed) Importer(815301076,1909f56bfc062723c751e8b465ee728b)
Start importing Assets/Images/ã‚­ãƒ£ãƒ©ãƒãƒƒãƒ—/pipo-charachip023e.png using Guid(b70ed3bdb798ee54da495244853d7eed) Importer(815301076,1909f56bfc062723c751e8b465ee728b)  -> (artifact id: 'ff6f1ad1593e4002d878cc661fc142c9') in 0.015700 seconds
Number of updated asset objects reloaded before import = 0
Number of asset objects unloaded after import = 3
========================================================================
Received Import Request.
  Time since last request: 0.000019 seconds.
  path: Assets/Images/ã‚­ãƒ£ãƒ©ãƒãƒƒãƒ—/pipo-charachip023b.png
  artifactKey: Guid(842ea490db491d147a74058cf2b427cf) Importer(815301076,1909f56bfc062723c751e8b465ee728b)
Start importing Assets/Images/ã‚­ãƒ£ãƒ©ãƒãƒƒãƒ—/pipo-charachip023b.png using Guid(842ea490db491d147a74058cf2b427cf) Importer(815301076,1909f56bfc062723c751e8b465ee728b)  -> (artifact id: '65fcd7786765aae5979c93c1a29b22e7') in 0.017058 seconds
Number of updated asset objects reloaded before import = 0
Number of asset objects unloaded after import = 3
========================================================================
Received Import Request.
  Time since last request: 0.000010 seconds.
  path: Assets/Images/ã‚­ãƒ£ãƒ©ãƒãƒƒãƒ—/pipo-charachip022.png
  artifactKey: Guid(0f3f97fe9b83c874da92103a3cc434ba) Importer(815301076,1909f56bfc062723c751e8b465ee728b)
Start importing Assets/Images/ã‚­ãƒ£ãƒ©ãƒãƒƒãƒ—/pipo-charachip022.png using Guid(0f3f97fe9b83c874da92103a3cc434ba) Importer(815301076,1909f56bfc062723c751e8b465ee728b)  -> (artifact id: 'f5f09b2c22d088e2deacf5050c02e925') in 0.016299 seconds
Number of updated asset objects reloaded before import = 0
Number of asset objects unloaded after import = 3
========================================================================
Received Import Request.
  Time since last request: 0.000011 seconds.
  path: Assets/Images/ã‚­ãƒ£ãƒ©ãƒãƒƒãƒ—/pipo-charachip023c.png
  artifactKey: Guid(02390827b1e0bfa4eb64c286f3292177) Importer(815301076,1909f56bfc062723c751e8b465ee728b)
Start importing Assets/Images/ã‚­ãƒ£ãƒ©ãƒãƒƒãƒ—/pipo-charachip023c.png using Guid(02390827b1e0bfa4eb64c286f3292177) Importer(815301076,1909f56bfc062723c751e8b465ee728b)  -> (artifact id: '0e8626ba0f691e337352ca98c3def840') in 0.015100 seconds
Number of updated asset objects reloaded before import = 0
Number of asset objects unloaded after import = 3
========================================================================
Received Import Request.
  Time since last request: 0.000048 seconds.
  path: Assets/Images/ã‚­ãƒ£ãƒ©ãƒãƒƒãƒ—/pipo-charachip022b.png
  artifactKey: Guid(9fea89980bed39040b9177b21580db41) Importer(815301076,1909f56bfc062723c751e8b465ee728b)
Start importing Assets/Images/ã‚­ãƒ£ãƒ©ãƒãƒƒãƒ—/pipo-charachip022b.png using Guid(9fea89980bed39040b9177b21580db41) Importer(815301076,1909f56bfc062723c751e8b465ee728b)  -> (artifact id: '641c2608b9e420a4d647e33e738ed844') in 0.014985 seconds
Number of updated asset objects reloaded before import = 0
Number of asset objects unloaded after import = 3
========================================================================
Received Import Request.
  Time since last request: 0.000029 seconds.
  path: Assets/Images/ã‚­ãƒ£ãƒ©ãƒãƒƒãƒ—/pipo-charachip025c.png
  artifactKey: Guid(72577c08b6fcd2644af18cecc1d0d66c) Importer(815301076,1909f56bfc062723c751e8b465ee728b)
Start importing Assets/Images/ã‚­ãƒ£ãƒ©ãƒãƒƒãƒ—/pipo-charachip025c.png using Guid(72577c08b6fcd2644af18cecc1d0d66c) Importer(815301076,1909f56bfc062723c751e8b465ee728b)  -> (artifact id: '17afe9dd3a00bb8b58e712be4f3eed34') in 0.014415 seconds
Number of updated asset objects reloaded before import = 0
Number of asset objects unloaded after import = 3
========================================================================
Received Import Request.
  Time since last request: 0.043908 seconds.
  path: Assets/Images/ã‚­ãƒ£ãƒ©ãƒãƒƒãƒ—/pipo-charachip026b.png
  artifactKey: Guid(51eab299d3e6b394caa504c5b23f3a7b) Importer(815301076,1909f56bfc062723c751e8b465ee728b)
Start importing Assets/Images/ã‚­ãƒ£ãƒ©ãƒãƒƒãƒ—/pipo-charachip026b.png using Guid(51eab299d3e6b394caa504c5b23f3a7b) Importer(815301076,1909f56bfc062723c751e8b465ee728b)  -> (artifact id: 'ef418d469c8dc6dcc7cd27e35d3472f0') in 0.017124 seconds
Number of updated asset objects reloaded before import = 0
Number of asset objects unloaded after import = 3
========================================================================
Received Import Request.
  Time since last request: 0.000034 seconds.
  path: Assets/Images/ã‚­ãƒ£ãƒ©ãƒãƒƒãƒ—/pipo-charachip027d.png
  artifactKey: Guid(4392b05a246cf774abc1920f4b4e9145) Importer(815301076,1909f56bfc062723c751e8b465ee728b)
Start importing Assets/Images/ã‚­ãƒ£ãƒ©ãƒãƒƒãƒ—/pipo-charachip027d.png using Guid(4392b05a246cf774abc1920f4b4e9145) Importer(815301076,1909f56bfc062723c751e8b465ee728b)  -> (artifact id: '91048ae1c01668cde44889a227733645') in 0.014644 seconds
Number of updated asset objects reloaded before import = 0
Number of asset objects unloaded after import = 3
========================================================================
Received Import Request.
  Time since last request: 0.000029 seconds.
  path: Assets/Images/ã‚­ãƒ£ãƒ©ãƒãƒƒãƒ—/pipo-charachip028.png
  artifactKey: Guid(4b981df2c0b338f4396617e1668b6a6e) Importer(815301076,1909f56bfc062723c751e8b465ee728b)
Start importing Assets/Images/ã‚­ãƒ£ãƒ©ãƒãƒƒãƒ—/pipo-charachip028.png using Guid(4b981df2c0b338f4396617e1668b6a6e) Importer(815301076,1909f56bfc062723c751e8b465ee728b)  -> (artifact id: 'd817c78bc8fba3ddc6dd4aaa5e1ca487') in 0.015160 seconds
Number of updated asset objects reloaded before import = 0
Number of asset objects unloaded after import = 3
========================================================================
Received Import Request.
  Time since last request: 0.000014 seconds.
  path: Assets/Images/ã‚­ãƒ£ãƒ©ãƒãƒƒãƒ—/pipo-charachip026d.png
  artifactKey: Guid(66c71d5750f5c3b4b8da8159db1a3fa4) Importer(815301076,1909f56bfc062723c751e8b465ee728b)
Start importing Assets/Images/ã‚­ãƒ£ãƒ©ãƒãƒƒãƒ—/pipo-charachip026d.png using Guid(66c71d5750f5c3b4b8da8159db1a3fa4) Importer(815301076,1909f56bfc062723c751e8b465ee728b)  -> (artifact id: '982b0708fecb4f2bb0c1bafaf7ee5072') in 0.016134 seconds
Number of updated asset objects reloaded before import = 0
Number of asset objects unloaded after import = 3
========================================================================
Received Import Request.
  Time since last request: 0.000012 seconds.
  path: Assets/Images/ã‚­ãƒ£ãƒ©ãƒãƒƒãƒ—/pipo-charachip028b.png
  artifactKey: Guid(bc54361be60e54c4f826fc656fbb33cd) Importer(815301076,1909f56bfc062723c751e8b465ee728b)
Start importing Assets/Images/ã‚­ãƒ£ãƒ©ãƒãƒƒãƒ—/pipo-charachip028b.png using Guid(bc54361be60e54c4f826fc656fbb33cd) Importer(815301076,1909f56bfc062723c751e8b465ee728b)  -> (artifact id: 'fdae046d608f4c86f46eb0ee45244b32') in 0.016177 seconds
Number of updated asset objects reloaded before import = 0
Number of asset objects unloaded after import = 3
========================================================================
Received Import Request.
  Time since last request: 0.000039 seconds.
  path: Assets/Images/ã‚­ãƒ£ãƒ©ãƒãƒƒãƒ—/pipo-charachip028a.png
  artifactKey: Guid(4d102a73f4d42f04fa9aced8f72b1a6a) Importer(815301076,1909f56bfc062723c751e8b465ee728b)
Start importing Assets/Images/ã‚­ãƒ£ãƒ©ãƒãƒƒãƒ—/pipo-charachip028a.png using Guid(4d102a73f4d42f04fa9aced8f72b1a6a) Importer(815301076,1909f56bfc062723c751e8b465ee728b)  -> (artifact id: '721dd898db1f0cb4ea5727f9028f29e9') in 0.017811 seconds
Number of updated asset objects reloaded before import = 0
Number of asset objects unloaded after import = 3
========================================================================
Received Import Request.
  Time since last request: 0.000017 seconds.
  path: Assets/Images/ã‚­ãƒ£ãƒ©ãƒãƒƒãƒ—/pipo-charachip027.png
  artifactKey: Guid(3893abfd2bc50774da90d2e4fe08aa77) Importer(815301076,1909f56bfc062723c751e8b465ee728b)
Start importing Assets/Images/ã‚­ãƒ£ãƒ©ãƒãƒƒãƒ—/pipo-charachip027.png using Guid(3893abfd2bc50774da90d2e4fe08aa77) Importer(815301076,1909f56bfc062723c751e8b465ee728b)  -> (artifact id: '10aa1d36917e4ce2fff63c760bf12461') in 0.016115 seconds
Number of updated asset objects reloaded before import = 0
Number of asset objects unloaded after import = 3
Editor requested this worker to shutdown with reason: Scaling down because of idle timeout
TcpMessagingSession - receive error: operation aborted. errorcode: 995, details: ƒXƒŒƒbƒh‚ÌI—¹‚Ü‚½‚ÍƒAƒvƒŠƒP[ƒVƒ‡ƒ“‚Ì—v‹‚É‚æ‚Á‚ÄAI/O ˆ—‚Í’†~‚³‚ê‚Ü‚µ‚½B
AssetImportWorker is now disconnected from the server
Process exiting
Exiting without the bug reporter. Application will terminate with return code 0