Using pre-set license
Built from '2022.3/staging' branch; Version is '2022.3.8f1 (b5eafc012955) revision 11922172'; Using compiler version '192829333'; Build Type 'Release'
OS: 'Windows 11  (10.0.22621) 64bit Professional' Language: 'ja' Physical Memory: 65277 MB
BatchMode: 1, IsHumanControllingUs: 0, StartBugReporterOnCrash: 0, Is64bit: 1, IsPro: 1

COMMAND LINE ARGUMENTS:
D:\Program Files\Unity\Hub\Editor\2022.3.8f1\Editor\Unity.exe
-adb2
-batchMode
-noUpm
-name
AssetImportWorker3
-projectPath
A:/Unity Projects/2D-RPG
-logFile
Logs/AssetImportWorker3.log
-srvPort
52281
Successfully changed project path to: A:/Unity Projects/2D-RPG
A:/Unity Projects/2D-RPG
[UnityMemory] Configuration Parameters - Can be set up in boot.config
    "memorysetup-bucket-allocator-granularity=16"
    "memorysetup-bucket-allocator-bucket-count=8"
    "memorysetup-bucket-allocator-block-size=33554432"
    "memorysetup-bucket-allocator-block-count=8"
    "memorysetup-main-allocator-block-size=16777216"
    "memorysetup-thread-allocator-block-size=16777216"
    "memorysetup-gfx-main-allocator-block-size=16777216"
    "memorysetup-gfx-thread-allocator-block-size=16777216"
    "memorysetup-cache-allocator-block-size=4194304"
    "memorysetup-typetree-allocator-block-size=2097152"
    "memorysetup-profiler-bucket-allocator-granularity=16"
    "memorysetup-profiler-bucket-allocator-bucket-count=8"
    "memorysetup-profiler-bucket-allocator-block-size=33554432"
    "memorysetup-profiler-bucket-allocator-block-count=8"
    "memorysetup-profiler-allocator-block-size=16777216"
    "memorysetup-profiler-editor-allocator-block-size=1048576"
    "memorysetup-temp-allocator-size-main=16777216"
    "memorysetup-job-temp-allocator-block-size=2097152"
    "memorysetup-job-temp-allocator-block-size-background=1048576"
    "memorysetup-job-temp-allocator-reduction-small-platforms=262144"
    "memorysetup-allocator-temp-initial-block-size-main=262144"
    "memorysetup-allocator-temp-initial-block-size-worker=262144"
    "memorysetup-temp-allocator-size-background-worker=32768"
    "memorysetup-temp-allocator-size-job-worker=262144"
    "memorysetup-temp-allocator-size-preload-manager=33554432"
    "memorysetup-temp-allocator-size-nav-mesh-worker=65536"
    "memorysetup-temp-allocator-size-audio-worker=65536"
    "memorysetup-temp-allocator-size-cloud-worker=32768"
    "memorysetup-temp-allocator-size-gi-baking-worker=262144"
    "memorysetup-temp-allocator-size-gfx=262144"
Player connection [6952] Host "[IP] 192.168.11.2 [Port] 0 [Flags] 2 [Guid] 2515718879 [EditorId] 2515718879 [Version] 1048832 [Id] WindowsEditor(7,Muracchi) [Debug] 1 [PackageName] WindowsEditor [ProjectName] Editor" joined multi-casting on [225.0.0.222:54997]...

Player connection [6952] Host "[IP] 192.168.11.2 [Port] 0 [Flags] 2 [Guid] 2515718879 [EditorId] 2515718879 [Version] 1048832 [Id] WindowsEditor(7,Muracchi) [Debug] 1 [PackageName] WindowsEditor [ProjectName] Editor" joined alternative multi-casting on [225.0.0.222:34997]...

[Physics::Module] Initialized MultithreadedJobDispatcher with 23 workers.
Refreshing native plugins compatible for Editor in 3.58 ms, found 4 plugins.
Preloading 0 native plugins for Editor in 0.00 ms.
Initialize engine version: 2022.3.8f1 (b5eafc012955)
[Subsystems] Discovering subsystems at path D:/Program Files/Unity/Hub/Editor/2022.3.8f1/Editor/Data/Resources/UnitySubsystems
[Subsystems] Discovering subsystems at path A:/Unity Projects/2D-RPG/Assets
GfxDevice: creating device client; threaded=0; jobified=0
Direct3D:
    Version:  Direct3D 11.0 [level 11.1]
    Renderer: NVIDIA GeForce RTX 3090 (ID=0x2204)
    Vendor:   NVIDIA
    VRAM:     24348 MB
    Driver:   30.0.14.7141
Initialize mono
Mono path[0] = 'D:/Program Files/Unity/Hub/Editor/2022.3.8f1/Editor/Data/Managed'
Mono path[1] = 'D:/Program Files/Unity/Hub/Editor/2022.3.8f1/Editor/Data/MonoBleedingEdge/lib/mono/unityjit-win32'
Mono config path = 'D:/Program Files/Unity/Hub/Editor/2022.3.8f1/Editor/Data/MonoBleedingEdge/etc'
Using monoOptions --debugger-agent=transport=dt_socket,embedding=1,server=y,suspend=n,address=127.0.0.1:56888
Begin MonoManager ReloadAssembly
Registering precompiled unity dll's ...
Register platform support module: D:/Program Files/Unity/Hub/Editor/2022.3.8f1/Editor/Data/PlaybackEngines/AndroidPlayer/UnityEditor.Android.Extensions.dll
Register platform support module: D:/Program Files/Unity/Hub/Editor/2022.3.8f1/Editor/Data/PlaybackEngines/iOSSupport/UnityEditor.iOS.Extensions.dll
Register platform support module: D:/Program Files/Unity/Hub/Editor/2022.3.8f1/Editor/Data/PlaybackEngines/WindowsStandaloneSupport/UnityEditor.WindowsStandalone.Extensions.dll
Registered in 0.013319 seconds.
- Loaded All Assemblies, in  0.314 seconds
Native extension for WindowsStandalone target not found
[usbmuxd] Start listen thread
[usbmuxd] Listen thread started
[usbmuxd] Send listen message
Native extension for iOS target not found
Native extension for Android target not found
Android Extension - Scanning For ADB Devices 315 ms
Mono: successfully reloaded assembly
- Finished resetting the current domain, in  0.516 seconds
Domain Reload Profiling: 823ms
	BeginReloadAssembly (136ms)
		ExecutionOrderSort (0ms)
		DisableScriptedObjects (0ms)
		BackupInstance (0ms)
		ReleaseScriptingObjects (0ms)
		CreateAndSetChildDomain (1ms)
	RebuildCommonClasses (22ms)
	RebuildNativeTypeToScriptingClass (6ms)
	initialDomainReloadingComplete (51ms)
	LoadAllAssembliesAndSetupDomain (91ms)
		LoadAssemblies (130ms)
		RebuildTransferFunctionScriptingTraits (0ms)
		AnalyzeDomain (89ms)
			TypeCache.Refresh (88ms)
				TypeCache.ScanAssembly (79ms)
			ScanForSourceGeneratedMonoScriptInfo (0ms)
			ResolveRequiredComponents (0ms)
	FinalizeReload (516ms)
		ReleaseScriptCaches (0ms)
		RebuildScriptCaches (0ms)
		SetupLoadedEditorAssemblies (480ms)
			LogAssemblyErrors (0ms)
			InitializePlatformSupportModulesInManaged (392ms)
			SetLoadedEditorAssemblies (3ms)
			RefreshPlugins (0ms)
			BeforeProcessingInitializeOnLoad (1ms)
			ProcessInitializeOnLoadAttributes (55ms)
			ProcessInitializeOnLoadMethodAttributes (29ms)
			AfterProcessingInitializeOnLoad (0ms)
			EditorAssembliesLoaded (0ms)
		ExecutionOrderSort2 (0ms)
		AwakeInstancesAfterBackupRestoration (0ms)
========================================================================
Worker process is ready to serve import requests
Begin MonoManager ReloadAssembly
- Loaded All Assemblies, in  0.423 seconds
Refreshing native plugins compatible for Editor in 1.57 ms, found 4 plugins.
Native extension for WindowsStandalone target not found
Native extension for iOS target not found
Native extension for Android target not found
Package Manager log level set to [2]
[Package Manager] Server::EnsureServerProcessIsRunning -- launch failed, reason: Unity was launched with the -noUpm command-line argument
[Package Manager] UpmClient::Send -- Unable to send message (not connected to UPM process).
[Package Manager] Cannot connect to Unity Package Manager local server
Mono: successfully reloaded assembly
- Finished resetting the current domain, in  0.545 seconds
Domain Reload Profiling: 966ms
	BeginReloadAssembly (99ms)
		ExecutionOrderSort (0ms)
		DisableScriptedObjects (4ms)
		BackupInstance (0ms)
		ReleaseScriptingObjects (0ms)
		CreateAndSetChildDomain (13ms)
	RebuildCommonClasses (20ms)
	RebuildNativeTypeToScriptingClass (6ms)
	initialDomainReloadingComplete (27ms)
	LoadAllAssembliesAndSetupDomain (270ms)
		LoadAssemblies (222ms)
		RebuildTransferFunctionScriptingTraits (0ms)
		AnalyzeDomain (107ms)
			TypeCache.Refresh (91ms)
				TypeCache.ScanAssembly (79ms)
			ScanForSourceGeneratedMonoScriptInfo (13ms)
			ResolveRequiredComponents (2ms)
	FinalizeReload (545ms)
		ReleaseScriptCaches (0ms)
		RebuildScriptCaches (0ms)
		SetupLoadedEditorAssemblies (442ms)
			LogAssemblyErrors (0ms)
			InitializePlatformSupportModulesInManaged (26ms)
			SetLoadedEditorAssemblies (4ms)
			RefreshPlugins (0ms)
			BeforeProcessingInitializeOnLoad (70ms)
			ProcessInitializeOnLoadAttributes (315ms)
			ProcessInitializeOnLoadMethodAttributes (21ms)
			AfterProcessingInitializeOnLoad (6ms)
			EditorAssembliesLoaded (0ms)
		ExecutionOrderSort2 (0ms)
		AwakeInstancesAfterBackupRestoration (4ms)
Launched and connected shader compiler UnityShaderCompiler.exe after 0.03 seconds
Refreshing native plugins compatible for Editor in 1.17 ms, found 4 plugins.
Preloading 0 native plugins for Editor in 0.00 ms.
Unloading 4011 Unused Serialized files (Serialized files now loaded: 0)
Unloading 69 unused Assets / (244.7 KB). Loaded Objects now: 4470.
Memory consumption went from 143.0 MB to 142.8 MB.
Total: 2.776100 ms (FindLiveObjects: 0.179900 ms CreateObjectMapping: 0.093300 ms MarkObjects: 2.356100 ms  DeleteObjects: 0.146000 ms)

AssetImportParameters requested are different than current active one (requested -> active):
  custom:container-demuxer-ogg: 62fdf1f143b41e24485cea50d1cbac27 -> 
  custom:video-codec-MediaFoundation-h265: 746d11721c4dcdbdad8f713fa42b33f4 -> 
  custom:video-decoder-ogg-theora: a1e56fd34408186e4bbccfd4996cb3dc -> 
  custom:framework-win-MediaFoundation: 216162199b28c13a410421893ffa2e32 -> 
  custom:CustomObjectIndexerAttribute: 756ad292c208cfabdd7b50bc23989ffe -> 
  custom:container-demuxer-webm: 4f35f7cbe854078d1ac9338744f61a02 -> 
  custom:container-muxer-webm: aa71ff27fc2769a1b78a27578f13a17b -> 
  custom:video-decoder-webm-vp8: 9c59270c3fd7afecdb556c50c9e8de78 -> 
  custom:SearchIndexIgnoredProperties: e643bd26f0fe6173181afceb89e7c659 -> 
  custom:AudioImporter_EditorPlatform: d09bf68614088b80899f8185d706f6e7 -> 
  custom:video-encoder-webm-vp8: eb34c28f22e8b96e1ab97ce403110664 -> 
  custom:audio-decoder-ogg-vorbis: bf7c407c2cedff20999df2af8eb42d56 -> 
  custom:audio-encoder-webm-vorbis: bf7c407c2cedff20999df2af8eb42d56 -> 
========================================================================
Received Import Request.
  Time since last request: 2821.012788 seconds.
  path: Assets/Images/ã‚­ãƒ£ãƒ©ãƒãƒƒãƒ—/image.html
  artifactKey: Guid(68182856b2805ae42939a5fda3908278) Importer(815301076,1909f56bfc062723c751e8b465ee728b)
Start importing Assets/Images/ã‚­ãƒ£ãƒ©ãƒãƒƒãƒ—/image.html using Guid(68182856b2805ae42939a5fda3908278) Importer(815301076,1909f56bfc062723c751e8b465ee728b)  -> (artifact id: '00cee835c33c13b90d38c54880fb2ae2') in 0.007936 seconds
Number of updated asset objects reloaded before import = 0
Number of asset objects unloaded after import = 1
========================================================================
Received Import Request.
  Time since last request: 182.309480 seconds.
  path: Assets/Images/ã‚­ãƒ£ãƒ©ãƒãƒƒãƒ—/pipo-charachip018d.png
  artifactKey: Guid(7d87cc09f33a6514cad3812c2d753a88) Importer(815301076,1909f56bfc062723c751e8b465ee728b)
Start importing Assets/Images/ã‚­ãƒ£ãƒ©ãƒãƒƒãƒ—/pipo-charachip018d.png using Guid(7d87cc09f33a6514cad3812c2d753a88) Importer(815301076,1909f56bfc062723c751e8b465ee728b)  -> (artifact id: '014c576e07ff1e961b27acef0b543104') in 0.056887 seconds
Number of updated asset objects reloaded before import = 0
Number of asset objects unloaded after import = 3
========================================================================
Received Import Request.
  Time since last request: 0.000020 seconds.
  path: Assets/Images/ã‚­ãƒ£ãƒ©ãƒãƒƒãƒ—/pipo-charachip019b.png
  artifactKey: Guid(e46449f55bc96e04b984267f6deea9d8) Importer(815301076,1909f56bfc062723c751e8b465ee728b)
Start importing Assets/Images/ã‚­ãƒ£ãƒ©ãƒãƒƒãƒ—/pipo-charachip019b.png using Guid(e46449f55bc96e04b984267f6deea9d8) Importer(815301076,1909f56bfc062723c751e8b465ee728b)  -> (artifact id: 'f74b1ba71be93f218d508d79abe50134') in 0.018648 seconds
Number of updated asset objects reloaded before import = 0
Number of asset objects unloaded after import = 3
========================================================================
Received Import Request.
  Time since last request: 0.000034 seconds.
  path: Assets/Images/ã‚­ãƒ£ãƒ©ãƒãƒƒãƒ—/pipo-charachip023.png
  artifactKey: Guid(39971b85815bcac4a84c20f1a6b8cd3a) Importer(815301076,1909f56bfc062723c751e8b465ee728b)
Start importing Assets/Images/ã‚­ãƒ£ãƒ©ãƒãƒƒãƒ—/pipo-charachip023.png using Guid(39971b85815bcac4a84c20f1a6b8cd3a) Importer(815301076,1909f56bfc062723c751e8b465ee728b)  -> (artifact id: '148e9a57ca35b5a22b64ba85dd53cc7c') in 0.017618 seconds
Number of updated asset objects reloaded before import = 0
Number of asset objects unloaded after import = 3
========================================================================
Received Import Request.
  Time since last request: 0.000012 seconds.
  path: Assets/Images/ã‚­ãƒ£ãƒ©ãƒãƒƒãƒ—/pipo-charachip021b.png
  artifactKey: Guid(83278b43cad80a54cad77ee635153ad0) Importer(815301076,1909f56bfc062723c751e8b465ee728b)
Start importing Assets/Images/ã‚­ãƒ£ãƒ©ãƒãƒƒãƒ—/pipo-charachip021b.png using Guid(83278b43cad80a54cad77ee635153ad0) Importer(815301076,1909f56bfc062723c751e8b465ee728b)  -> (artifact id: '897f3cee6916aef47cdcd4ef9a4ba3f9') in 0.013409 seconds
Number of updated asset objects reloaded before import = 0
Number of asset objects unloaded after import = 3
========================================================================
Received Import Request.
  Time since last request: 0.000056 seconds.
  path: Assets/Images/ã‚­ãƒ£ãƒ©ãƒãƒƒãƒ—/pipo-charachip022a.png
  artifactKey: Guid(40a03fdde9acc6548bc380f91a6f1bdb) Importer(815301076,1909f56bfc062723c751e8b465ee728b)
Start importing Assets/Images/ã‚­ãƒ£ãƒ©ãƒãƒƒãƒ—/pipo-charachip022a.png using Guid(40a03fdde9acc6548bc380f91a6f1bdb) Importer(815301076,1909f56bfc062723c751e8b465ee728b)  -> (artifact id: '1a8f691e356e82c65f1a37287620cc8e') in 0.013398 seconds
Number of updated asset objects reloaded before import = 0
Number of asset objects unloaded after import = 3
========================================================================
Received Import Request.
  Time since last request: 0.000010 seconds.
  path: Assets/Images/ã‚­ãƒ£ãƒ©ãƒãƒƒãƒ—/pipo-charachip021a.png
  artifactKey: Guid(4d37745d848c8ac4e8ae3cbebbe619fb) Importer(815301076,1909f56bfc062723c751e8b465ee728b)
Start importing Assets/Images/ã‚­ãƒ£ãƒ©ãƒãƒƒãƒ—/pipo-charachip021a.png using Guid(4d37745d848c8ac4e8ae3cbebbe619fb) Importer(815301076,1909f56bfc062723c751e8b465ee728b)  -> (artifact id: '7c69685a5c20d42a80565951d6245fb6') in 0.018928 seconds
Number of updated asset objects reloaded before import = 0
Number of asset objects unloaded after import = 3
========================================================================
Received Import Request.
  Time since last request: 0.000012 seconds.
  path: Assets/Images/ã‚­ãƒ£ãƒ©ãƒãƒƒãƒ—/pipo-charachip019.png
  artifactKey: Guid(4fcac5162214c6d4aa28968bb9451fa5) Importer(815301076,1909f56bfc062723c751e8b465ee728b)
Start importing Assets/Images/ã‚­ãƒ£ãƒ©ãƒãƒƒãƒ—/pipo-charachip019.png using Guid(4fcac5162214c6d4aa28968bb9451fa5) Importer(815301076,1909f56bfc062723c751e8b465ee728b)  -> (artifact id: 'ab3e1e5a369642895684feb7ee53f45b') in 0.018806 seconds
Number of updated asset objects reloaded before import = 0
Number of asset objects unloaded after import = 3
========================================================================
Received Import Request.
  Time since last request: 0.000017 seconds.
  path: Assets/Images/ã‚­ãƒ£ãƒ©ãƒãƒƒãƒ—/pipo-charachip019e.png
  artifactKey: Guid(5c449f6883b3b9247bd3da6fe72bb086) Importer(815301076,1909f56bfc062723c751e8b465ee728b)
Start importing Assets/Images/ã‚­ãƒ£ãƒ©ãƒãƒƒãƒ—/pipo-charachip019e.png using Guid(5c449f6883b3b9247bd3da6fe72bb086) Importer(815301076,1909f56bfc062723c751e8b465ee728b)  -> (artifact id: '9c6670735c69b985316535d8d35aee40') in 0.015461 seconds
Number of updated asset objects reloaded before import = 0
Number of asset objects unloaded after import = 3
========================================================================
Received Import Request.
  Time since last request: 0.000028 seconds.
  path: Assets/Images/ã‚­ãƒ£ãƒ©ãƒãƒƒãƒ—/pipo-charachip019c.png
  artifactKey: Guid(9f5c2eafce133964f9f61a5bdfeb5ffa) Importer(815301076,1909f56bfc062723c751e8b465ee728b)
Start importing Assets/Images/ã‚­ãƒ£ãƒ©ãƒãƒƒãƒ—/pipo-charachip019c.png using Guid(9f5c2eafce133964f9f61a5bdfeb5ffa) Importer(815301076,1909f56bfc062723c751e8b465ee728b)  -> (artifact id: '92d2ce7c9c4ec3aa8fd09f742a645a8c') in 0.027491 seconds
Number of updated asset objects reloaded before import = 0
Number of asset objects unloaded after import = 3
========================================================================
Received Import Request.
  Time since last request: 0.000024 seconds.
  path: Assets/Images/ã‚­ãƒ£ãƒ©ãƒãƒƒãƒ—/pipo-charachip022c.png
  artifactKey: Guid(bc9e208f90f89414f9682338c0c4d65d) Importer(815301076,1909f56bfc062723c751e8b465ee728b)
Start importing Assets/Images/ã‚­ãƒ£ãƒ©ãƒãƒƒãƒ—/pipo-charachip022c.png using Guid(bc9e208f90f89414f9682338c0c4d65d) Importer(815301076,1909f56bfc062723c751e8b465ee728b)  -> (artifact id: '24edfa2746249ae9d0dc6bac33dcce5e') in 0.017309 seconds
Number of updated asset objects reloaded before import = 0
Number of asset objects unloaded after import = 3
========================================================================
Received Import Request.
  Time since last request: 0.000070 seconds.
  path: Assets/Images/ã‚­ãƒ£ãƒ©ãƒãƒƒãƒ—/pipo-charachip020.png
  artifactKey: Guid(94dcc33937bdb4d43b3876bb3298f9e3) Importer(815301076,1909f56bfc062723c751e8b465ee728b)
Start importing Assets/Images/ã‚­ãƒ£ãƒ©ãƒãƒƒãƒ—/pipo-charachip020.png using Guid(94dcc33937bdb4d43b3876bb3298f9e3) Importer(815301076,1909f56bfc062723c751e8b465ee728b)  -> (artifact id: 'f904a58b2f801163cc77a68f8a9d61cf') in 0.027974 seconds
Number of updated asset objects reloaded before import = 0
Number of asset objects unloaded after import = 3
========================================================================
Received Import Request.
  Time since last request: 0.000012 seconds.
  path: Assets/Images/ã‚­ãƒ£ãƒ©ãƒãƒƒãƒ—/pipo-charachip024c.png
  artifactKey: Guid(efcc45a1e3f9cd0429be4b5a729051bf) Importer(815301076,1909f56bfc062723c751e8b465ee728b)
Start importing Assets/Images/ã‚­ãƒ£ãƒ©ãƒãƒƒãƒ—/pipo-charachip024c.png using Guid(efcc45a1e3f9cd0429be4b5a729051bf) Importer(815301076,1909f56bfc062723c751e8b465ee728b)  -> (artifact id: 'e0915d8fe4f13832bf4dba72d86137c1') in 0.012853 seconds
Number of updated asset objects reloaded before import = 0
Number of asset objects unloaded after import = 3
========================================================================
Received Import Request.
  Time since last request: 0.000034 seconds.
  path: Assets/Images/ã‚­ãƒ£ãƒ©ãƒãƒƒãƒ—/pipo-charachip025a.png
  artifactKey: Guid(6f56d0cf4abaea54fa5c53f99f5e8c16) Importer(815301076,1909f56bfc062723c751e8b465ee728b)
Start importing Assets/Images/ã‚­ãƒ£ãƒ©ãƒãƒƒãƒ—/pipo-charachip025a.png using Guid(6f56d0cf4abaea54fa5c53f99f5e8c16) Importer(815301076,1909f56bfc062723c751e8b465ee728b)  -> (artifact id: '3c78a670e5b4c5f0cdd41886b4070bdd') in 0.013021 seconds
Number of updated asset objects reloaded before import = 0
Number of asset objects unloaded after import = 3
========================================================================
Received Import Request.
  Time since last request: 0.000012 seconds.
  path: Assets/Images/ã‚­ãƒ£ãƒ©ãƒãƒƒãƒ—/pipo-charachip025d.png
  artifactKey: Guid(27b1f5e64803a7b4b85312877669f58d) Importer(815301076,1909f56bfc062723c751e8b465ee728b)
Start importing Assets/Images/ã‚­ãƒ£ãƒ©ãƒãƒƒãƒ—/pipo-charachip025d.png using Guid(27b1f5e64803a7b4b85312877669f58d) Importer(815301076,1909f56bfc062723c751e8b465ee728b)  -> (artifact id: '5ec3828196b3f2e6e74f54617402cc91') in 0.012310 seconds
Number of updated asset objects reloaded before import = 0
Number of asset objects unloaded after import = 3
========================================================================
Received Import Request.
  Time since last request: 0.000050 seconds.
  path: Assets/Images/ã‚­ãƒ£ãƒ©ãƒãƒƒãƒ—/pipo-charachip025b.png
  artifactKey: Guid(9add3e1f2d7b33c45981560679604e4b) Importer(815301076,1909f56bfc062723c751e8b465ee728b)
Start importing Assets/Images/ã‚­ãƒ£ãƒ©ãƒãƒƒãƒ—/pipo-charachip025b.png using Guid(9add3e1f2d7b33c45981560679604e4b) Importer(815301076,1909f56bfc062723c751e8b465ee728b)  -> (artifact id: '1d03e33c26e2c642b34383777d3958e2') in 0.014500 seconds
Number of updated asset objects reloaded before import = 0
Number of asset objects unloaded after import = 3
========================================================================
Received Import Request.
  Time since last request: 0.000012 seconds.
  path: Assets/Images/ã‚­ãƒ£ãƒ©ãƒãƒƒãƒ—/pipo-charachip024a.png
  artifactKey: Guid(0b51dd9890463614c842eef2efbf0b79) Importer(815301076,1909f56bfc062723c751e8b465ee728b)
Start importing Assets/Images/ã‚­ãƒ£ãƒ©ãƒãƒƒãƒ—/pipo-charachip024a.png using Guid(0b51dd9890463614c842eef2efbf0b79) Importer(815301076,1909f56bfc062723c751e8b465ee728b)  -> (artifact id: '8a32237d7be0a0458c0677a4ec43ce32') in 0.014302 seconds
Number of updated asset objects reloaded before import = 0
Number of asset objects unloaded after import = 3
========================================================================
Received Import Request.
  Time since last request: 0.000015 seconds.
  path: Assets/Images/ã‚­ãƒ£ãƒ©ãƒãƒƒãƒ—/pipo-charachip026.png
  artifactKey: Guid(42fa893d5e277154da49a34b58b53d78) Importer(815301076,1909f56bfc062723c751e8b465ee728b)
Start importing Assets/Images/ã‚­ãƒ£ãƒ©ãƒãƒƒãƒ—/pipo-charachip026.png using Guid(42fa893d5e277154da49a34b58b53d78) Importer(815301076,1909f56bfc062723c751e8b465ee728b)  -> (artifact id: 'ef9ec19bfe5d2be22713f400da0778df') in 0.015852 seconds
Number of updated asset objects reloaded before import = 0
Number of asset objects unloaded after import = 3
========================================================================
Received Import Request.
  Time since last request: 0.000017 seconds.
  path: Assets/Images/ã‚­ãƒ£ãƒ©ãƒãƒƒãƒ—/pipo-charachip024b.png
  artifactKey: Guid(d2aff9f831009dd48b5ee0f7740852e0) Importer(815301076,1909f56bfc062723c751e8b465ee728b)
Start importing Assets/Images/ã‚­ãƒ£ãƒ©ãƒãƒƒãƒ—/pipo-charachip024b.png using Guid(d2aff9f831009dd48b5ee0f7740852e0) Importer(815301076,1909f56bfc062723c751e8b465ee728b)  -> (artifact id: '19d843bf05e4d540551584faab2a3535') in 0.016943 seconds
Number of updated asset objects reloaded before import = 0
Number of asset objects unloaded after import = 3
========================================================================
Received Import Request.
  Time since last request: 0.000014 seconds.
  path: Assets/Images/ã‚­ãƒ£ãƒ©ãƒãƒƒãƒ—/pipo-charachip022e.png
  artifactKey: Guid(067be85560271474688854f823852121) Importer(815301076,1909f56bfc062723c751e8b465ee728b)
Start importing Assets/Images/ã‚­ãƒ£ãƒ©ãƒãƒƒãƒ—/pipo-charachip022e.png using Guid(067be85560271474688854f823852121) Importer(815301076,1909f56bfc062723c751e8b465ee728b)  -> (artifact id: '68c83f27b16502c2795014d4ca70fab6') in 0.016353 seconds
Number of updated asset objects reloaded before import = 0
Number of asset objects unloaded after import = 3
========================================================================
Received Import Request.
  Time since last request: 0.000031 seconds.
  path: Assets/Images/ã‚­ãƒ£ãƒ©ãƒãƒƒãƒ—/pipo-charachip019a.png
  artifactKey: Guid(60c894c121eae7741930ac53ca74ecc0) Importer(815301076,1909f56bfc062723c751e8b465ee728b)
Start importing Assets/Images/ã‚­ãƒ£ãƒ©ãƒãƒƒãƒ—/pipo-charachip019a.png using Guid(60c894c121eae7741930ac53ca74ecc0) Importer(815301076,1909f56bfc062723c751e8b465ee728b)  -> (artifact id: '48cc2d707f56c50096717dddf07f3b30') in 0.015812 seconds
Number of updated asset objects reloaded before import = 0
Number of asset objects unloaded after import = 3
========================================================================
Received Import Request.
  Time since last request: 0.000030 seconds.
  path: Assets/Images/ã‚­ãƒ£ãƒ©ãƒãƒƒãƒ—/pipo-charachip024d.png
  artifactKey: Guid(65b4dc010f46dda4cb0c4d3a076797f5) Importer(815301076,1909f56bfc062723c751e8b465ee728b)
Start importing Assets/Images/ã‚­ãƒ£ãƒ©ãƒãƒƒãƒ—/pipo-charachip024d.png using Guid(65b4dc010f46dda4cb0c4d3a076797f5) Importer(815301076,1909f56bfc062723c751e8b465ee728b)  -> (artifact id: 'c193bfaf79af21c3c1cbaae4456bdca5') in 0.014173 seconds
Number of updated asset objects reloaded before import = 0
Number of asset objects unloaded after import = 3
========================================================================
Received Import Request.
  Time since last request: 0.000041 seconds.
  path: Assets/Images/ã‚­ãƒ£ãƒ©ãƒãƒƒãƒ—/pipo-charachip021d.png
  artifactKey: Guid(1f07e73deedff00458d8e25893b0f28c) Importer(815301076,1909f56bfc062723c751e8b465ee728b)
Start importing Assets/Images/ã‚­ãƒ£ãƒ©ãƒãƒƒãƒ—/pipo-charachip021d.png using Guid(1f07e73deedff00458d8e25893b0f28c) Importer(815301076,1909f56bfc062723c751e8b465ee728b)  -> (artifact id: '79880a6fdff915b533adf40421b39d39') in 0.013720 seconds
Number of updated asset objects reloaded before import = 0
Number of asset objects unloaded after import = 3
========================================================================
Received Import Request.
  Time since last request: 0.045220 seconds.
  path: Assets/Images/ã‚­ãƒ£ãƒ©ãƒãƒƒãƒ—/pipo-charachip026a.png
  artifactKey: Guid(ccb8641f27827b04d925d4bc6daa5957) Importer(815301076,1909f56bfc062723c751e8b465ee728b)
Start importing Assets/Images/ã‚­ãƒ£ãƒ©ãƒãƒƒãƒ—/pipo-charachip026a.png using Guid(ccb8641f27827b04d925d4bc6daa5957) Importer(815301076,1909f56bfc062723c751e8b465ee728b)  -> (artifact id: 'e44329e35bf179c87c9e3c20ba085378') in 0.016784 seconds
Number of updated asset objects reloaded before import = 0
Number of asset objects unloaded after import = 3
========================================================================
Received Import Request.
  Time since last request: 0.000056 seconds.
  path: Assets/Images/ã‚­ãƒ£ãƒ©ãƒãƒƒãƒ—/pipo-charachip027e.png
  artifactKey: Guid(6436ce8e03bbeab4eae93fda59e1ca3d) Importer(815301076,1909f56bfc062723c751e8b465ee728b)
Start importing Assets/Images/ã‚­ãƒ£ãƒ©ãƒãƒƒãƒ—/pipo-charachip027e.png using Guid(6436ce8e03bbeab4eae93fda59e1ca3d) Importer(815301076,1909f56bfc062723c751e8b465ee728b)  -> (artifact id: '537c5197c66164e0667d9a7b1e872c01') in 0.014872 seconds
Number of updated asset objects reloaded before import = 0
Number of asset objects unloaded after import = 3
========================================================================
Received Import Request.
  Time since last request: 0.000042 seconds.
  path: Assets/Images/ã‚­ãƒ£ãƒ©ãƒãƒƒãƒ—/pipo-charachip026e.png
  artifactKey: Guid(d30caf5403deba846b22eaf9f1bf6db0) Importer(815301076,1909f56bfc062723c751e8b465ee728b)
Start importing Assets/Images/ã‚­ãƒ£ãƒ©ãƒãƒƒãƒ—/pipo-charachip026e.png using Guid(d30caf5403deba846b22eaf9f1bf6db0) Importer(815301076,1909f56bfc062723c751e8b465ee728b)  -> (artifact id: 'ae3710269ef397fcaec9f27de96e418d') in 0.014860 seconds
Number of updated asset objects reloaded before import = 0
Number of asset objects unloaded after import = 3
========================================================================
Received Import Request.
  Time since last request: 0.000047 seconds.
  path: Assets/Images/ã‚­ãƒ£ãƒ©ãƒãƒƒãƒ—/pipo-charachip026c.png
  artifactKey: Guid(cfa0e1a5f7f35394989bb6400fc4f9aa) Importer(815301076,1909f56bfc062723c751e8b465ee728b)
Start importing Assets/Images/ã‚­ãƒ£ãƒ©ãƒãƒƒãƒ—/pipo-charachip026c.png using Guid(cfa0e1a5f7f35394989bb6400fc4f9aa) Importer(815301076,1909f56bfc062723c751e8b465ee728b)  -> (artifact id: 'd82828e26ea6289f4fef816b0f036274') in 0.014536 seconds
Number of updated asset objects reloaded before import = 0
Number of asset objects unloaded after import = 3
========================================================================
Received Import Request.
  Time since last request: 0.000035 seconds.
  path: Assets/Images/ã‚­ãƒ£ãƒ©ãƒãƒƒãƒ—/pipo-charachip027c.png
  artifactKey: Guid(06bdd64d9ae201a428b9b04adabc5e2d) Importer(815301076,1909f56bfc062723c751e8b465ee728b)
Start importing Assets/Images/ã‚­ãƒ£ãƒ©ãƒãƒƒãƒ—/pipo-charachip027c.png using Guid(06bdd64d9ae201a428b9b04adabc5e2d) Importer(815301076,1909f56bfc062723c751e8b465ee728b)  -> (artifact id: '2a60d58506fd570144c387daf46e8a11') in 0.015068 seconds
Number of updated asset objects reloaded before import = 0
Number of asset objects unloaded after import = 3
========================================================================
Received Import Request.
  Time since last request: 0.000078 seconds.
  path: Assets/Images/ã‚­ãƒ£ãƒ©ãƒãƒƒãƒ—/pipo-charachip027a.png
  artifactKey: Guid(a348b6f44ad95b0459b44f49c70da0b4) Importer(815301076,1909f56bfc062723c751e8b465ee728b)
Start importing Assets/Images/ã‚­ãƒ£ãƒ©ãƒãƒƒãƒ—/pipo-charachip027a.png using Guid(a348b6f44ad95b0459b44f49c70da0b4) Importer(815301076,1909f56bfc062723c751e8b465ee728b)  -> (artifact id: '01facd0d3676567b681c6c12e3b4f960') in 0.014878 seconds
Number of updated asset objects reloaded before import = 0
Number of asset objects unloaded after import = 3
========================================================================
Received Import Request.
  Time since last request: 0.000067 seconds.
  path: Assets/Images/ã‚­ãƒ£ãƒ©ãƒãƒƒãƒ—/pipo-charachip027b.png
  artifactKey: Guid(1c248b6cece5ac645a16dadc76f2e500) Importer(815301076,1909f56bfc062723c751e8b465ee728b)
Start importing Assets/Images/ã‚­ãƒ£ãƒ©ãƒãƒƒãƒ—/pipo-charachip027b.png using Guid(1c248b6cece5ac645a16dadc76f2e500) Importer(815301076,1909f56bfc062723c751e8b465ee728b)  -> (artifact id: '496c6e7424162f31dd65568c980b6926') in 0.013577 seconds
Number of updated asset objects reloaded before import = 0
Number of asset objects unloaded after import = 3
Editor requested this worker to shutdown with reason: Scaling down because of idle timeout
TcpMessagingSession - receive error: operation aborted. errorcode: 995, details: ƒXƒŒƒbƒh‚ÌI—¹‚Ü‚½‚ÍƒAƒvƒŠƒP[ƒVƒ‡ƒ“‚Ì—v‹‚É‚æ‚Á‚ÄAI/O ˆ—‚Í’†~‚³‚ê‚Ü‚µ‚½B
AssetImportWorker is now disconnected from the server
Process exiting
Exiting without the bug reporter. Application will terminate with return code 0