Using pre-set license
Built from '2022.3/staging' branch; Version is '2022.3.8f1 (b5eafc012955) revision 11922172'; Using compiler version '192829333'; Build Type 'Release'
OS: 'Windows 11  (10.0.22621) 64bit Professional' Language: 'ja' Physical Memory: 65277 MB
BatchMode: 1, IsHumanControllingUs: 0, StartBugReporterOnCrash: 0, Is64bit: 1, IsPro: 1

COMMAND LINE ARGUMENTS:
D:\Program Files\Unity\Hub\Editor\2022.3.8f1\Editor\Unity.exe
-adb2
-batchMode
-noUpm
-name
AssetImportWorker0
-projectPath
A:/Unity Projects/2D-RPG
-logFile
Logs/AssetImportWorker0.log
-srvPort
52281
Successfully changed project path to: A:/Unity Projects/2D-RPG
A:/Unity Projects/2D-RPG
[UnityMemory] Configuration Parameters - Can be set up in boot.config
    "memorysetup-bucket-allocator-granularity=16"
    "memorysetup-bucket-allocator-bucket-count=8"
    "memorysetup-bucket-allocator-block-size=33554432"
    "memorysetup-bucket-allocator-block-count=8"
    "memorysetup-main-allocator-block-size=16777216"
    "memorysetup-thread-allocator-block-size=16777216"
    "memorysetup-gfx-main-allocator-block-size=16777216"
    "memorysetup-gfx-thread-allocator-block-size=16777216"
    "memorysetup-cache-allocator-block-size=4194304"
    "memorysetup-typetree-allocator-block-size=2097152"
    "memorysetup-profiler-bucket-allocator-granularity=16"
    "memorysetup-profiler-bucket-allocator-bucket-count=8"
    "memorysetup-profiler-bucket-allocator-block-size=33554432"
    "memorysetup-profiler-bucket-allocator-block-count=8"
    "memorysetup-profiler-allocator-block-size=16777216"
    "memorysetup-profiler-editor-allocator-block-size=1048576"
    "memorysetup-temp-allocator-size-main=16777216"
    "memorysetup-job-temp-allocator-block-size=2097152"
    "memorysetup-job-temp-allocator-block-size-background=1048576"
    "memorysetup-job-temp-allocator-reduction-small-platforms=262144"
    "memorysetup-allocator-temp-initial-block-size-main=262144"
    "memorysetup-allocator-temp-initial-block-size-worker=262144"
    "memorysetup-temp-allocator-size-background-worker=32768"
    "memorysetup-temp-allocator-size-job-worker=262144"
    "memorysetup-temp-allocator-size-preload-manager=33554432"
    "memorysetup-temp-allocator-size-nav-mesh-worker=65536"
    "memorysetup-temp-allocator-size-audio-worker=65536"
    "memorysetup-temp-allocator-size-cloud-worker=32768"
    "memorysetup-temp-allocator-size-gi-baking-worker=262144"
    "memorysetup-temp-allocator-size-gfx=262144"
Player connection [9488] Host "[IP] 192.168.11.2 [Port] 0 [Flags] 2 [Guid] 4220031358 [EditorId] 4220031358 [Version] 1048832 [Id] WindowsEditor(7,Muracchi) [Debug] 1 [PackageName] WindowsEditor [ProjectName] Editor" joined multi-casting on [225.0.0.222:54997]...

Player connection [9488] Host "[IP] 192.168.11.2 [Port] 0 [Flags] 2 [Guid] 4220031358 [EditorId] 4220031358 [Version] 1048832 [Id] WindowsEditor(7,Muracchi) [Debug] 1 [PackageName] WindowsEditor [ProjectName] Editor" joined alternative multi-casting on [225.0.0.222:34997]...

[Physics::Module] Initialized MultithreadedJobDispatcher with 23 workers.
Refreshing native plugins compatible for Editor in 3.52 ms, found 4 plugins.
Preloading 0 native plugins for Editor in 0.00 ms.
Initialize engine version: 2022.3.8f1 (b5eafc012955)
[Subsystems] Discovering subsystems at path D:/Program Files/Unity/Hub/Editor/2022.3.8f1/Editor/Data/Resources/UnitySubsystems
[Subsystems] Discovering subsystems at path A:/Unity Projects/2D-RPG/Assets
GfxDevice: creating device client; threaded=0; jobified=0
Direct3D:
    Version:  Direct3D 11.0 [level 11.1]
    Renderer: NVIDIA GeForce RTX 3090 (ID=0x2204)
    Vendor:   NVIDIA
    VRAM:     24348 MB
    Driver:   30.0.14.7141
Initialize mono
Mono path[0] = 'D:/Program Files/Unity/Hub/Editor/2022.3.8f1/Editor/Data/Managed'
Mono path[1] = 'D:/Program Files/Unity/Hub/Editor/2022.3.8f1/Editor/Data/MonoBleedingEdge/lib/mono/unityjit-win32'
Mono config path = 'D:/Program Files/Unity/Hub/Editor/2022.3.8f1/Editor/Data/MonoBleedingEdge/etc'
Using monoOptions --debugger-agent=transport=dt_socket,embedding=1,server=y,suspend=n,address=127.0.0.1:56428
Begin MonoManager ReloadAssembly
Registering precompiled unity dll's ...
Register platform support module: D:/Program Files/Unity/Hub/Editor/2022.3.8f1/Editor/Data/PlaybackEngines/AndroidPlayer/UnityEditor.Android.Extensions.dll
Register platform support module: D:/Program Files/Unity/Hub/Editor/2022.3.8f1/Editor/Data/PlaybackEngines/iOSSupport/UnityEditor.iOS.Extensions.dll
Register platform support module: D:/Program Files/Unity/Hub/Editor/2022.3.8f1/Editor/Data/PlaybackEngines/WindowsStandaloneSupport/UnityEditor.WindowsStandalone.Extensions.dll
Registered in 0.012065 seconds.
- Loaded All Assemblies, in  0.251 seconds
Native extension for WindowsStandalone target not found
[usbmuxd] Start listen thread
[usbmuxd] Listen thread started
[usbmuxd] Send listen message
Native extension for iOS target not found
Native extension for Android target not found
Android Extension - Scanning For ADB Devices 217 ms
Mono: successfully reloaded assembly
- Finished resetting the current domain, in  0.419 seconds
Domain Reload Profiling: 669ms
	BeginReloadAssembly (85ms)
		ExecutionOrderSort (0ms)
		DisableScriptedObjects (0ms)
		BackupInstance (0ms)
		ReleaseScriptingObjects (0ms)
		CreateAndSetChildDomain (1ms)
	RebuildCommonClasses (20ms)
	RebuildNativeTypeToScriptingClass (6ms)
	initialDomainReloadingComplete (48ms)
	LoadAllAssembliesAndSetupDomain (90ms)
		LoadAssemblies (83ms)
		RebuildTransferFunctionScriptingTraits (0ms)
		AnalyzeDomain (89ms)
			TypeCache.Refresh (88ms)
				TypeCache.ScanAssembly (79ms)
			ScanForSourceGeneratedMonoScriptInfo (0ms)
			ResolveRequiredComponents (0ms)
	FinalizeReload (420ms)
		ReleaseScriptCaches (0ms)
		RebuildScriptCaches (0ms)
		SetupLoadedEditorAssemblies (384ms)
			LogAssemblyErrors (0ms)
			InitializePlatformSupportModulesInManaged (295ms)
			SetLoadedEditorAssemblies (3ms)
			RefreshPlugins (0ms)
			BeforeProcessingInitializeOnLoad (2ms)
			ProcessInitializeOnLoadAttributes (56ms)
			ProcessInitializeOnLoadMethodAttributes (28ms)
			AfterProcessingInitializeOnLoad (0ms)
			EditorAssembliesLoaded (0ms)
		ExecutionOrderSort2 (0ms)
		AwakeInstancesAfterBackupRestoration (0ms)
========================================================================
Worker process is ready to serve import requests
Begin MonoManager ReloadAssembly
- Loaded All Assemblies, in  0.430 seconds
Refreshing native plugins compatible for Editor in 1.29 ms, found 4 plugins.
Native extension for WindowsStandalone target not found
Native extension for iOS target not found
Native extension for Android target not found
Package Manager log level set to [2]
[Package Manager] Server::EnsureServerProcessIsRunning -- launch failed, reason: Unity was launched with the -noUpm command-line argument
[Package Manager] UpmClient::Send -- Unable to send message (not connected to UPM process).
[Package Manager] Cannot connect to Unity Package Manager local server
Mono: successfully reloaded assembly
- Finished resetting the current domain, in  0.559 seconds
Domain Reload Profiling: 986ms
	BeginReloadAssembly (102ms)
		ExecutionOrderSort (0ms)
		DisableScriptedObjects (3ms)
		BackupInstance (0ms)
		ReleaseScriptingObjects (0ms)
		CreateAndSetChildDomain (14ms)
	RebuildCommonClasses (21ms)
	RebuildNativeTypeToScriptingClass (6ms)
	initialDomainReloadingComplete (27ms)
	LoadAllAssembliesAndSetupDomain (271ms)
		LoadAssemblies (226ms)
		RebuildTransferFunctionScriptingTraits (0ms)
		AnalyzeDomain (110ms)
			TypeCache.Refresh (94ms)
				TypeCache.ScanAssembly (82ms)
			ScanForSourceGeneratedMonoScriptInfo (13ms)
			ResolveRequiredComponents (3ms)
	FinalizeReload (559ms)
		ReleaseScriptCaches (0ms)
		RebuildScriptCaches (0ms)
		SetupLoadedEditorAssemblies (452ms)
			LogAssemblyErrors (0ms)
			InitializePlatformSupportModulesInManaged (26ms)
			SetLoadedEditorAssemblies (4ms)
			RefreshPlugins (0ms)
			BeforeProcessingInitializeOnLoad (71ms)
			ProcessInitializeOnLoadAttributes (322ms)
			ProcessInitializeOnLoadMethodAttributes (22ms)
			AfterProcessingInitializeOnLoad (8ms)
			EditorAssembliesLoaded (0ms)
		ExecutionOrderSort2 (0ms)
		AwakeInstancesAfterBackupRestoration (5ms)
Launched and connected shader compiler UnityShaderCompiler.exe after 0.04 seconds
Refreshing native plugins compatible for Editor in 1.17 ms, found 4 plugins.
Preloading 0 native plugins for Editor in 0.00 ms.
Unloading 4011 Unused Serialized files (Serialized files now loaded: 0)
Unloading 69 unused Assets / (244.7 KB). Loaded Objects now: 4470.
Memory consumption went from 143.0 MB to 142.8 MB.
Total: 3.110900 ms (FindLiveObjects: 0.187600 ms CreateObjectMapping: 0.092700 ms MarkObjects: 2.671500 ms  DeleteObjects: 0.158400 ms)

AssetImportParameters requested are different than current active one (requested -> active):
  custom:container-demuxer-ogg: 62fdf1f143b41e24485cea50d1cbac27 -> 
  custom:video-codec-MediaFoundation-h265: 746d11721c4dcdbdad8f713fa42b33f4 -> 
  custom:video-decoder-ogg-theora: a1e56fd34408186e4bbccfd4996cb3dc -> 
  custom:framework-win-MediaFoundation: 216162199b28c13a410421893ffa2e32 -> 
  custom:CustomObjectIndexerAttribute: 756ad292c208cfabdd7b50bc23989ffe -> 
  custom:container-demuxer-webm: 4f35f7cbe854078d1ac9338744f61a02 -> 
  custom:container-muxer-webm: aa71ff27fc2769a1b78a27578f13a17b -> 
  custom:video-decoder-webm-vp8: 9c59270c3fd7afecdb556c50c9e8de78 -> 
  custom:SearchIndexIgnoredProperties: e643bd26f0fe6173181afceb89e7c659 -> 
  custom:AudioImporter_EditorPlatform: d09bf68614088b80899f8185d706f6e7 -> 
  custom:video-encoder-webm-vp8: eb34c28f22e8b96e1ab97ce403110664 -> 
  custom:audio-decoder-ogg-vorbis: bf7c407c2cedff20999df2af8eb42d56 -> 
  custom:audio-encoder-webm-vorbis: bf7c407c2cedff20999df2af8eb42d56 -> 
========================================================================
Received Import Request.
  Time since last request: 2243.953018 seconds.
  path: Assets/Cainos/Pixel Art Top Down - Basic/Animation
  artifactKey: Guid(c89e3d2b43fc205448e78ae1dcd61d9f) Importer(815301076,1909f56bfc062723c751e8b465ee728b)
Start importing Assets/Cainos/Pixel Art Top Down - Basic/Animation using Guid(c89e3d2b43fc205448e78ae1dcd61d9f) Importer(815301076,1909f56bfc062723c751e8b465ee728b)  -> (artifact id: '3c578ffa4131185648b56c681f354835') in 0.002238 seconds
Number of updated asset objects reloaded before import = 0
Number of asset objects unloaded after import = 0
========================================================================
Received Import Request.
  Time since last request: 282.253708 seconds.
  path: Assets/New Folder
  artifactKey: Guid(83ed9181edc5458478ea520a7129ef2e) Importer(815301076,1909f56bfc062723c751e8b465ee728b)
Start importing Assets/New Folder using Guid(83ed9181edc5458478ea520a7129ef2e) Importer(815301076,1909f56bfc062723c751e8b465ee728b)  -> (artifact id: '098b031fb6b3aececcdc2e8961d4b66c') in 0.000574 seconds
Number of updated asset objects reloaded before import = 0
Number of asset objects unloaded after import = 0
========================================================================
Received Import Request.
  Time since last request: 10.154109 seconds.
  path: Assets/Images
  artifactKey: Guid(83ed9181edc5458478ea520a7129ef2e) Importer(815301076,1909f56bfc062723c751e8b465ee728b)
Start importing Assets/Images using Guid(83ed9181edc5458478ea520a7129ef2e) Importer(815301076,1909f56bfc062723c751e8b465ee728b)  -> (artifact id: '78e1d88ebfa598a3d878e11c8451c909') in 0.000299 seconds
Number of updated asset objects reloaded before import = 0
Number of asset objects unloaded after import = 0
========================================================================
Received Import Request.
  Time since last request: 45.803235 seconds.
  path: Assets/Images/ã‚­ãƒ£ãƒ©ãƒãƒƒãƒ—/pipo-charachip001.png
  artifactKey: Guid(17e55ae87bf6dab4da6e06393f1f93cc) Importer(815301076,1909f56bfc062723c751e8b465ee728b)
Start importing Assets/Images/ã‚­ãƒ£ãƒ©ãƒãƒƒãƒ—/pipo-charachip001.png using Guid(17e55ae87bf6dab4da6e06393f1f93cc) Importer(815301076,1909f56bfc062723c751e8b465ee728b)  -> (artifact id: 'ed62f7ad2185feb8fee3416082225cf4') in 0.066119 seconds
Number of updated asset objects reloaded before import = 0
Number of asset objects unloaded after import = 3
========================================================================
Received Import Request.
  Time since last request: 0.000018 seconds.
  path: Assets/Images/ã‚­ãƒ£ãƒ©ãƒãƒƒãƒ—/pipo-charachip017c.png
  artifactKey: Guid(8eadc7e11414a574e8111a4f32b7d18b) Importer(815301076,1909f56bfc062723c751e8b465ee728b)
Start importing Assets/Images/ã‚­ãƒ£ãƒ©ãƒãƒƒãƒ—/pipo-charachip017c.png using Guid(8eadc7e11414a574e8111a4f32b7d18b) Importer(815301076,1909f56bfc062723c751e8b465ee728b)  -> (artifact id: 'bc92db31a972979704f761315d71428b') in 0.023004 seconds
Number of updated asset objects reloaded before import = 0
Number of asset objects unloaded after import = 3
========================================================================
Received Import Request.
  Time since last request: 0.000025 seconds.
  path: Assets/Images/ã‚­ãƒ£ãƒ©ãƒãƒƒãƒ—/pipo-charachip007b.png
  artifactKey: Guid(3e35528629078a04faa7feb5b38f3996) Importer(815301076,1909f56bfc062723c751e8b465ee728b)
Start importing Assets/Images/ã‚­ãƒ£ãƒ©ãƒãƒƒãƒ—/pipo-charachip007b.png using Guid(3e35528629078a04faa7feb5b38f3996) Importer(815301076,1909f56bfc062723c751e8b465ee728b)  -> (artifact id: 'c5918ccd72b836297442ff152e2d487f') in 0.016982 seconds
Number of updated asset objects reloaded before import = 0
Number of asset objects unloaded after import = 3
========================================================================
Received Import Request.
  Time since last request: 0.000025 seconds.
  path: Assets/Images/ã‚­ãƒ£ãƒ©ãƒãƒƒãƒ—/pipo-charachip016b.png
  artifactKey: Guid(6b24cb7e2c287104ab6276805a53a7f2) Importer(815301076,1909f56bfc062723c751e8b465ee728b)
Start importing Assets/Images/ã‚­ãƒ£ãƒ©ãƒãƒƒãƒ—/pipo-charachip016b.png using Guid(6b24cb7e2c287104ab6276805a53a7f2) Importer(815301076,1909f56bfc062723c751e8b465ee728b)  -> (artifact id: '9baee9d90291673f92e9aa2bb312f02b') in 0.018531 seconds
Number of updated asset objects reloaded before import = 0
Number of asset objects unloaded after import = 3
========================================================================
Received Import Request.
  Time since last request: 0.000022 seconds.
  path: Assets/Images/ã‚­ãƒ£ãƒ©ãƒãƒƒãƒ—/pipo-charachip018c.png
  artifactKey: Guid(cd7a8b854f120d449ae237c1197b6e5a) Importer(815301076,1909f56bfc062723c751e8b465ee728b)
Start importing Assets/Images/ã‚­ãƒ£ãƒ©ãƒãƒƒãƒ—/pipo-charachip018c.png using Guid(cd7a8b854f120d449ae237c1197b6e5a) Importer(815301076,1909f56bfc062723c751e8b465ee728b)  -> (artifact id: 'a1d2c08e23bb56d7b303019982aa28f8') in 0.014480 seconds
Number of updated asset objects reloaded before import = 0
Number of asset objects unloaded after import = 3
========================================================================
Received Import Request.
  Time since last request: 0.000015 seconds.
  path: Assets/Images/ã‚­ãƒ£ãƒ©ãƒãƒƒãƒ—/pipo-charachip010a.png
  artifactKey: Guid(869b8d18e85fb774293a7d6484661f01) Importer(815301076,1909f56bfc062723c751e8b465ee728b)
Start importing Assets/Images/ã‚­ãƒ£ãƒ©ãƒãƒƒãƒ—/pipo-charachip010a.png using Guid(869b8d18e85fb774293a7d6484661f01) Importer(815301076,1909f56bfc062723c751e8b465ee728b)  -> (artifact id: '16fa4deb81cca14179629d732bdd62f8') in 0.011945 seconds
Number of updated asset objects reloaded before import = 0
Number of asset objects unloaded after import = 3
========================================================================
Received Import Request.
  Time since last request: 0.000080 seconds.
  path: Assets/Images/ã‚­ãƒ£ãƒ©ãƒãƒƒãƒ—/pipo-charachip007a.png
  artifactKey: Guid(d847ac0a7c0e090479b879b8efbe24b5) Importer(815301076,1909f56bfc062723c751e8b465ee728b)
Start importing Assets/Images/ã‚­ãƒ£ãƒ©ãƒãƒƒãƒ—/pipo-charachip007a.png using Guid(d847ac0a7c0e090479b879b8efbe24b5) Importer(815301076,1909f56bfc062723c751e8b465ee728b)  -> (artifact id: 'af0638479736eb847f4653f975830b3f') in 0.012210 seconds
Number of updated asset objects reloaded before import = 0
Number of asset objects unloaded after import = 3
========================================================================
Received Import Request.
  Time since last request: 0.000013 seconds.
  path: Assets/Images/ã‚­ãƒ£ãƒ©ãƒãƒƒãƒ—/pipo-charachip004b.png
  artifactKey: Guid(cea257b864b6cd4418d4c08ab3f4fdee) Importer(815301076,1909f56bfc062723c751e8b465ee728b)
Start importing Assets/Images/ã‚­ãƒ£ãƒ©ãƒãƒƒãƒ—/pipo-charachip004b.png using Guid(cea257b864b6cd4418d4c08ab3f4fdee) Importer(815301076,1909f56bfc062723c751e8b465ee728b)  -> (artifact id: '6d2757d93cd3ce9f32a098e95ead5fbc') in 0.014913 seconds
Number of updated asset objects reloaded before import = 0
Number of asset objects unloaded after import = 3
========================================================================
Received Import Request.
  Time since last request: 0.000046 seconds.
  path: Assets/Images/ã‚­ãƒ£ãƒ©ãƒãƒƒãƒ—/pipo-charachip002.png
  artifactKey: Guid(c8b4228410baee14d96a9ba0f36a5daa) Importer(815301076,1909f56bfc062723c751e8b465ee728b)
Start importing Assets/Images/ã‚­ãƒ£ãƒ©ãƒãƒƒãƒ—/pipo-charachip002.png using Guid(c8b4228410baee14d96a9ba0f36a5daa) Importer(815301076,1909f56bfc062723c751e8b465ee728b)  -> (artifact id: '3107292f053cca6b291169c2934be021') in 0.012813 seconds
Number of updated asset objects reloaded before import = 0
Number of asset objects unloaded after import = 3
========================================================================
Received Import Request.
  Time since last request: 0.000032 seconds.
  path: Assets/Images/ã‚­ãƒ£ãƒ©ãƒãƒƒãƒ—/pipo-charachip011b.png
  artifactKey: Guid(ab3495c7e7132964e9882d57ec17bcb8) Importer(815301076,1909f56bfc062723c751e8b465ee728b)
Start importing Assets/Images/ã‚­ãƒ£ãƒ©ãƒãƒƒãƒ—/pipo-charachip011b.png using Guid(ab3495c7e7132964e9882d57ec17bcb8) Importer(815301076,1909f56bfc062723c751e8b465ee728b)  -> (artifact id: 'a34f7559ad99d746ca28b708c8025a30') in 0.015151 seconds
Number of updated asset objects reloaded before import = 0
Number of asset objects unloaded after import = 3
========================================================================
Received Import Request.
  Time since last request: 0.000014 seconds.
  path: Assets/Images/ã‚­ãƒ£ãƒ©ãƒãƒƒãƒ—/pipo-charachip014.png
  artifactKey: Guid(fe7dde7e6099fd240acfb632adf77dbf) Importer(815301076,1909f56bfc062723c751e8b465ee728b)
Start importing Assets/Images/ã‚­ãƒ£ãƒ©ãƒãƒƒãƒ—/pipo-charachip014.png using Guid(fe7dde7e6099fd240acfb632adf77dbf) Importer(815301076,1909f56bfc062723c751e8b465ee728b)  -> (artifact id: '96b4a782ca8639ffd440d2828c0a3aa6') in 0.012336 seconds
Number of updated asset objects reloaded before import = 0
Number of asset objects unloaded after import = 3
========================================================================
Received Import Request.
  Time since last request: 0.000030 seconds.
  path: Assets/Images/ã‚­ãƒ£ãƒ©ãƒãƒƒãƒ—/pipo-charachip002b.png
  artifactKey: Guid(776acc83fe623a549bdb352880669e22) Importer(815301076,1909f56bfc062723c751e8b465ee728b)
Start importing Assets/Images/ã‚­ãƒ£ãƒ©ãƒãƒƒãƒ—/pipo-charachip002b.png using Guid(776acc83fe623a549bdb352880669e22) Importer(815301076,1909f56bfc062723c751e8b465ee728b)  -> (artifact id: '71354fe3080fc738a3b5e9a5191978bd') in 0.011796 seconds
Number of updated asset objects reloaded before import = 0
Number of asset objects unloaded after import = 3
========================================================================
Received Import Request.
  Time since last request: 0.000056 seconds.
  path: Assets/Images/ã‚­ãƒ£ãƒ©ãƒãƒƒãƒ—/pipo-charachip008b.png
  artifactKey: Guid(9e6586d6e09bc1b41a8fb9b0e5cfb247) Importer(815301076,1909f56bfc062723c751e8b465ee728b)
Start importing Assets/Images/ã‚­ãƒ£ãƒ©ãƒãƒƒãƒ—/pipo-charachip008b.png using Guid(9e6586d6e09bc1b41a8fb9b0e5cfb247) Importer(815301076,1909f56bfc062723c751e8b465ee728b)  -> (artifact id: '842b68aa367469cd027a9eb2a47997f7') in 0.011999 seconds
Number of updated asset objects reloaded before import = 0
Number of asset objects unloaded after import = 3
========================================================================
Received Import Request.
  Time since last request: 0.000014 seconds.
  path: Assets/Images/ã‚­ãƒ£ãƒ©ãƒãƒƒãƒ—/pipo-charachip018a.png
  artifactKey: Guid(0a1e941b7228b7e488616f44ef9cadda) Importer(815301076,1909f56bfc062723c751e8b465ee728b)
Start importing Assets/Images/ã‚­ãƒ£ãƒ©ãƒãƒƒãƒ—/pipo-charachip018a.png using Guid(0a1e941b7228b7e488616f44ef9cadda) Importer(815301076,1909f56bfc062723c751e8b465ee728b)  -> (artifact id: '1131b6c0c96632a6764dc0a7008e902a') in 0.012550 seconds
Number of updated asset objects reloaded before import = 0
Number of asset objects unloaded after import = 3
========================================================================
Received Import Request.
  Time since last request: 0.000070 seconds.
  path: Assets/Images/ã‚­ãƒ£ãƒ©ãƒãƒƒãƒ—/pipo-charachip011.png
  artifactKey: Guid(a45610112e329894e915f543f92b143b) Importer(815301076,1909f56bfc062723c751e8b465ee728b)
Start importing Assets/Images/ã‚­ãƒ£ãƒ©ãƒãƒƒãƒ—/pipo-charachip011.png using Guid(a45610112e329894e915f543f92b143b) Importer(815301076,1909f56bfc062723c751e8b465ee728b)  -> (artifact id: '5395dcb311e1619f946753de8c3dafad') in 0.013539 seconds
Number of updated asset objects reloaded before import = 0
Number of asset objects unloaded after import = 3
========================================================================
Received Import Request.
  Time since last request: 0.000015 seconds.
  path: Assets/Images/ã‚­ãƒ£ãƒ©ãƒãƒƒãƒ—/pipo-charachip006b.png
  artifactKey: Guid(63a866930f2162847bc1a025971f44e9) Importer(815301076,1909f56bfc062723c751e8b465ee728b)
Start importing Assets/Images/ã‚­ãƒ£ãƒ©ãƒãƒƒãƒ—/pipo-charachip006b.png using Guid(63a866930f2162847bc1a025971f44e9) Importer(815301076,1909f56bfc062723c751e8b465ee728b)  -> (artifact id: 'c9d57d80095c1ca6231a242f350f4f38') in 0.015626 seconds
Number of updated asset objects reloaded before import = 0
Number of asset objects unloaded after import = 3
========================================================================
Received Import Request.
  Time since last request: 0.000015 seconds.
  path: Assets/Images/ã‚­ãƒ£ãƒ©ãƒãƒƒãƒ—/pipo-charachip005.png
  artifactKey: Guid(499c18ad6999cc242a866042e06864e2) Importer(815301076,1909f56bfc062723c751e8b465ee728b)
Start importing Assets/Images/ã‚­ãƒ£ãƒ©ãƒãƒƒãƒ—/pipo-charachip005.png using Guid(499c18ad6999cc242a866042e06864e2) Importer(815301076,1909f56bfc062723c751e8b465ee728b)  -> (artifact id: 'ba1708d3c787f8c6d07b3ad43127c821') in 0.012562 seconds
Number of updated asset objects reloaded before import = 0
Number of asset objects unloaded after import = 3
========================================================================
Received Import Request.
  Time since last request: 0.000033 seconds.
  path: Assets/Images/ã‚­ãƒ£ãƒ©ãƒãƒƒãƒ—/pipo-charachip017a.png
  artifactKey: Guid(d09addd057b5a754d84b13935ba6093f) Importer(815301076,1909f56bfc062723c751e8b465ee728b)
Start importing Assets/Images/ã‚­ãƒ£ãƒ©ãƒãƒƒãƒ—/pipo-charachip017a.png using Guid(d09addd057b5a754d84b13935ba6093f) Importer(815301076,1909f56bfc062723c751e8b465ee728b)  -> (artifact id: '460dfa5f25e612df67a7e91e2ebf31fd') in 0.014503 seconds
Number of updated asset objects reloaded before import = 0
Number of asset objects unloaded after import = 3
========================================================================
Received Import Request.
  Time since last request: 0.000046 seconds.
  path: Assets/Images/ã‚­ãƒ£ãƒ©ãƒãƒƒãƒ—/pipo-charachip004a.png
  artifactKey: Guid(026d3bc030d71024b9bf3d755ade0d92) Importer(815301076,1909f56bfc062723c751e8b465ee728b)
Start importing Assets/Images/ã‚­ãƒ£ãƒ©ãƒãƒƒãƒ—/pipo-charachip004a.png using Guid(026d3bc030d71024b9bf3d755ade0d92) Importer(815301076,1909f56bfc062723c751e8b465ee728b)  -> (artifact id: '3d3ddef6cf6ec22a8b334d01041d793d') in 0.014867 seconds
Number of updated asset objects reloaded before import = 0
Number of asset objects unloaded after import = 3
========================================================================
Received Import Request.
  Time since last request: 0.000037 seconds.
  path: Assets/Images/ã‚­ãƒ£ãƒ©ãƒãƒƒãƒ—/pipo-charachip008.png
  artifactKey: Guid(c58581328c756e54fb56a98421c76cd3) Importer(815301076,1909f56bfc062723c751e8b465ee728b)
Start importing Assets/Images/ã‚­ãƒ£ãƒ©ãƒãƒƒãƒ—/pipo-charachip008.png using Guid(c58581328c756e54fb56a98421c76cd3) Importer(815301076,1909f56bfc062723c751e8b465ee728b)  -> (artifact id: 'efe3e610dbdd64572f335314448dbce8') in 0.013599 seconds
Number of updated asset objects reloaded before import = 0
Number of asset objects unloaded after import = 3
========================================================================
Received Import Request.
  Time since last request: 0.000063 seconds.
  path: Assets/Images/ã‚­ãƒ£ãƒ©ãƒãƒƒãƒ—/pipo-charachip012a.png
  artifactKey: Guid(a2d2a0f6b14defb40ba3e8b113a5ca6f) Importer(815301076,1909f56bfc062723c751e8b465ee728b)
Start importing Assets/Images/ã‚­ãƒ£ãƒ©ãƒãƒƒãƒ—/pipo-charachip012a.png using Guid(a2d2a0f6b14defb40ba3e8b113a5ca6f) Importer(815301076,1909f56bfc062723c751e8b465ee728b)  -> (artifact id: '17ea2ecd72029df9c09fbfc7866ab180') in 0.016244 seconds
Number of updated asset objects reloaded before import = 0
Number of asset objects unloaded after import = 3
========================================================================
Received Import Request.
  Time since last request: 0.000030 seconds.
  path: Assets/Images/ã‚­ãƒ£ãƒ©ãƒãƒƒãƒ—/pipo-charachip015b.png
  artifactKey: Guid(759e636242164b447ad355afb0cb62f4) Importer(815301076,1909f56bfc062723c751e8b465ee728b)
Start importing Assets/Images/ã‚­ãƒ£ãƒ©ãƒãƒƒãƒ—/pipo-charachip015b.png using Guid(759e636242164b447ad355afb0cb62f4) Importer(815301076,1909f56bfc062723c751e8b465ee728b)  -> (artifact id: '874f2d82d77e0747d1ee8d6363242c23') in 0.013246 seconds
Number of updated asset objects reloaded before import = 0
Number of asset objects unloaded after import = 3
========================================================================
Received Import Request.
  Time since last request: 0.000040 seconds.
  path: Assets/Images/ã‚­ãƒ£ãƒ©ãƒãƒƒãƒ—/pipo-charachip016a.png
  artifactKey: Guid(6b419389c89753c43bb8a1bfb025f3b3) Importer(815301076,1909f56bfc062723c751e8b465ee728b)
Start importing Assets/Images/ã‚­ãƒ£ãƒ©ãƒãƒƒãƒ—/pipo-charachip016a.png using Guid(6b419389c89753c43bb8a1bfb025f3b3) Importer(815301076,1909f56bfc062723c751e8b465ee728b)  -> (artifact id: 'bf6b30c9329329036807b2b9f9dadd92') in 0.013927 seconds
Number of updated asset objects reloaded before import = 0
Number of asset objects unloaded after import = 3
========================================================================
Received Import Request.
  Time since last request: 0.000032 seconds.
  path: Assets/Images/ã‚­ãƒ£ãƒ©ãƒãƒƒãƒ—/pipo-charachip009a.png
  artifactKey: Guid(a47cf8c0e7dbc5b45bf12061147f2464) Importer(815301076,1909f56bfc062723c751e8b465ee728b)
Start importing Assets/Images/ã‚­ãƒ£ãƒ©ãƒãƒƒãƒ—/pipo-charachip009a.png using Guid(a47cf8c0e7dbc5b45bf12061147f2464) Importer(815301076,1909f56bfc062723c751e8b465ee728b)  -> (artifact id: 'a4c40b033531e63bd62d34d61d9fe756') in 0.012694 seconds
Number of updated asset objects reloaded before import = 0
Number of asset objects unloaded after import = 3
========================================================================
Received Import Request.
  Time since last request: 0.000054 seconds.
  path: Assets/Images/ã‚­ãƒ£ãƒ©ãƒãƒƒãƒ—/pipo-charachip005b.png
  artifactKey: Guid(d30d9cd954ebb7741a2ca557a9ce2eee) Importer(815301076,1909f56bfc062723c751e8b465ee728b)
Start importing Assets/Images/ã‚­ãƒ£ãƒ©ãƒãƒƒãƒ—/pipo-charachip005b.png using Guid(d30d9cd954ebb7741a2ca557a9ce2eee) Importer(815301076,1909f56bfc062723c751e8b465ee728b)  -> (artifact id: '44d0f7c24399a8db0d271edefb9d1b13') in 0.013835 seconds
Number of updated asset objects reloaded before import = 0
Number of asset objects unloaded after import = 3
========================================================================
Received Import Request.
  Time since last request: 0.000058 seconds.
  path: Assets/Images/ã‚­ãƒ£ãƒ©ãƒãƒƒãƒ—/pipo-charachip012.png
  artifactKey: Guid(93fa825e32bed8c4e8254b29d4ac5811) Importer(815301076,1909f56bfc062723c751e8b465ee728b)
Start importing Assets/Images/ã‚­ãƒ£ãƒ©ãƒãƒƒãƒ—/pipo-charachip012.png using Guid(93fa825e32bed8c4e8254b29d4ac5811) Importer(815301076,1909f56bfc062723c751e8b465ee728b)  -> (artifact id: '803372f2d09a916a89c6573ea595524f') in 0.014749 seconds
Number of updated asset objects reloaded before import = 0
Number of asset objects unloaded after import = 3
========================================================================
Received Import Request.
  Time since last request: 0.000122 seconds.
  path: Assets/Images/ã‚­ãƒ£ãƒ©ãƒãƒƒãƒ—/pipo-charachip016.png
  artifactKey: Guid(dc81a594870f0974dae6bad4a8e66c74) Importer(815301076,1909f56bfc062723c751e8b465ee728b)
Start importing Assets/Images/ã‚­ãƒ£ãƒ©ãƒãƒƒãƒ—/pipo-charachip016.png using Guid(dc81a594870f0974dae6bad4a8e66c74) Importer(815301076,1909f56bfc062723c751e8b465ee728b)  -> (artifact id: '567f917132594f8e0712574b4510298b') in 0.033901 seconds
Number of updated asset objects reloaded before import = 0
Number of asset objects unloaded after import = 3
========================================================================
Received Import Request.
  Time since last request: 0.000088 seconds.
  path: Assets/Images/ã‚­ãƒ£ãƒ©ãƒãƒƒãƒ—/pipo-charachip017b.png
  artifactKey: Guid(5049638ec49cb7c4d962eac97498c2a9) Importer(815301076,1909f56bfc062723c751e8b465ee728b)
Start importing Assets/Images/ã‚­ãƒ£ãƒ©ãƒãƒƒãƒ—/pipo-charachip017b.png using Guid(5049638ec49cb7c4d962eac97498c2a9) Importer(815301076,1909f56bfc062723c751e8b465ee728b)  -> (artifact id: '3149fd42d09a424a2f9cb43ab97652fd') in 0.014668 seconds
Number of updated asset objects reloaded before import = 0
Number of asset objects unloaded after import = 3
Editor requested this worker to shutdown with reason: Scaling down because of idle timeout
TcpMessagingSession - receive error: operation aborted. errorcode: 995, details: ƒXƒŒƒbƒh‚ÌI—¹‚Ü‚½‚ÍƒAƒvƒŠƒP[ƒVƒ‡ƒ“‚Ì—v‹‚É‚æ‚Á‚ÄAI/O ˆ—‚Í’†~‚³‚ê‚Ü‚µ‚½B
AssetImportWorker is now disconnected from the server
Process exiting
Exiting without the bug reporter. Application will terminate with return code 0